2025-02-18 14:00:01,180 - data_processing - ERROR - Failed to load data: Input file not found: C:\Users\rghosh\OneDrive - Veritiv Corp\AI Lab\Attic and Basement\Email_to_sales\Temp_Files\Sales_Report_Temp.xlsx
2025-02-18 14:01:28,393 - data_processing - INFO - Loading data from C:\Users\rghosh\OneDrive - Veritiv Corp\AI Lab\Attic and Basement\Email_to_sales\Temp_Files\Sales_Report_Temp.xlsx
2025-02-18 14:01:40,761 - data_processing - WARNING - Dr$ Opped 236 rows with missing emails
2025-02-18 14:15:04,071 - data_processing - INFO - Loading data from C:\Users\rghosh\OneDrive - Veritiv Corp\AI Lab\Attic and Basement\Email_to_sales\Temp_Files\Sales_Report_Temp.xlsx
2025-02-18 14:15:23,904 - data_processing - WARNING - Dr$ Opped 236 rows with missing emails
2025-02-18 14:19:13,871 - data_processing - INFO - Loading data from C:\Users\rghosh\OneDrive - Veritiv Corp\AI Lab\Attic and Basement\Email_to_sales\Temp_Files\Sales_Report_Temp.xlsx
2025-02-18 14:19:26,243 - data_processing - WARNING - Dr$ Opped 236 rows with missing emails
2025-02-18 14:25:10,780 - data_processing - INFO - Loading data from C:\Users\rghosh\OneDrive - Veritiv Corp\AI Lab\Attic and Basement\Email_to_sales\Temp_Files\Sales_Report_Temp.xlsx
2025-02-18 14:25:24,226 - data_processing - WARNING - Dr$ Opped 236 rows with missing emails
2025-02-18 14:28:32,624 - data_processing - INFO - Loading data from C:\Users\rghosh\OneDrive - Veritiv Corp\AI Lab\Attic and Basement\Email_to_sales\Temp_Files\Sales_Report_Temp.xlsx
2025-02-18 14:28:45,187 - data_processing - WARNING - Dr$ Opped 236 rows with missing emails
2025-02-18 15:42:58,021 - data_processing - INFO - Loading data from C:\Users\rghosh\OneDrive - Veritiv Corp\AI Lab\Attic and Basement\Email_to_sales\Temp_Files\Sales_Report_Temp.xlsx
2025-02-18 15:43:10,047 - data_processing - WARNING - Dr$ Opped 236 rows with missing emails
2025-02-18 16:05:56,709 - data_processing - INFO - Loading data from C:\Users\rghosh\OneDrive - Veritiv Corp\AI Lab\Attic and Basement\Email_to_sales\Temp_Files\Sales_Report_Temp.xlsx
2025-02-18 16:06:09,349 - data_processing - WARNING - Dr$ Opped 236 rows with missing emails
2025-02-18 16:20:15,663 - data_processing - INFO - Loading data from C:\Users\rghosh\OneDrive - Veritiv Corp\AI Lab\Attic and Basement\Email_to_sales\Temp_Files\Sales_Report_Temp.xlsx
2025-02-18 16:20:27,248 - data_processing - WARNING - Dr$ Opped 236 rows with missing emails
2025-02-18 17:28:54,026 - data_processing - INFO - Loading data from C:\Users\rghosh\OneDrive - Veritiv Corp\AI Lab\Attic and Basement\Email_to_sales\Temp_Files\Sales_Report_Temp.xlsx
2025-02-18 17:29:10,636 - data_processing - WARNING - Dr$ Opped 236 rows with missing emails
2025-02-18 17:50:29,734 - data_processing - INFO - Loading data from C:\Users\rghosh\OneDrive - Veritiv Corp\AI Lab\Attic and Basement\Email_to_sales\Temp_Files\Sales_Report_Temp.xlsx
2025-02-18 17:50:42,000 - data_processing - WARNING - Dr$ Opped 236 rows with missing emails
2025-02-18 20:24:18,646 - data_processing - INFO - Loading data from C:\Users\rghosh\OneDrive - Veritiv Corp\AI Lab\Attic and Basement\Email_to_sales\Temp_Files\Sales_Report_Temp.xlsx
2025-02-18 20:24:30,889 - data_processing - WARNING - Dr$ Opped 236 rows with missing emails
2025-02-18 20:41:45,446 - data_processing - INFO - Loading data from C:\Users\rghosh\OneDrive - Veritiv Corp\AI Lab\Attic and Basement\Email_to_sales\Temp_Files\Sales_Report_Temp.xlsx
2025-02-18 20:41:57,005 - data_processing - WARNING - Dr$ Opped 236 rows with missing emails
2025-02-18 20:45:46,110 - data_processing - INFO - Loading data from C:\Users\rghosh\OneDrive - Veritiv Corp\AI Lab\Attic and Basement\Email_to_sales\Temp_Files\Sales_Report_Temp.xlsx
2025-02-18 20:45:58,192 - data_processing - WARNING - Dr$ Opped 236 rows with missing emails
2025-02-18 21:13:53,968 - data_processing - INFO - Loading data from C:\Users\rghosh\OneDrive - Veritiv Corp\AI Lab\Attic and Basement\Email_to_sales\Temp_Files\Sales_Report_Temp.xlsx
2025-02-18 21:14:05,913 - data_processing - WARNING - Dr$ Opped 236 rows with missing emails
2025-02-18 21:24:24,375 - data_processing - INFO - Loading data from C:\Users\rghosh\OneDrive - Veritiv Corp\AI Lab\Attic and Basement\Email_to_sales\Temp_Files\Sales_Report_Temp.xlsx
2025-02-18 21:24:38,394 - data_processing - WARNING - Dr$ Opped 236 rows with missing emails
2025-02-19 00:37:18,051 - data_processing - INFO - Loading data from C:\Users\rghosh\OneDrive - Veritiv Corp\AI Lab\Attic and Basement\Email_to_sales\Temp_Files\Sales_Report_Temp.xlsx
2025-02-19 00:37:32,475 - data_processing - WARNING - Dr$ Opped 236 rows with missing emails
2025-02-19 00:44:56,489 - data_processing - INFO - Loading data from C:\Users\rghosh\OneDrive - Veritiv Corp\AI Lab\Attic and Basement\Email_to_sales\Temp_Files\Sales_Report_Temp.xlsx
2025-02-19 00:45:08,643 - data_processing - WARNING - Dr$ Opped 236 rows with missing emails
2025-02-19 10:56:05,531 - data_processing - INFO - Loading data from C:\Users\rghosh\OneDrive - Veritiv Corp\AI Lab\Attic and Basement\Email_to_sales\Temp_Files\Sales_Report_Temp.xlsx
2025-02-19 10:56:23,896 - data_processing - WARNING - Dr$ Opped 236 rows with missing emails
2025-02-19 11:10:24,090 - data_processing - INFO - Loading data from C:\Users\rghosh\OneDrive - Veritiv Corp\AI Lab\Attic and Basement\Email_to_sales\Temp_Files\Sales_Report_Temp.xlsx
2025-02-19 11:10:40,309 - data_processing - WARNING - Dr$ Opped 236 rows with missing emails
2025-02-19 13:46:32,781 - data_processing - INFO - Loading data from C:\Users\rghosh\OneDrive - Veritiv Corp\AI Lab\Attic and Basement\Email_to_sales\Temp_Files\Sales_Report_Temp.xlsx
2025-02-19 13:46:45,492 - data_processing - WARNING - Dr$ Opped 236 rows with missing emails
2025-02-19 14:01:08,996 - data_processing - INFO - Loading data from C:\Users\rghosh\OneDrive - Veritiv Corp\AI Lab\Attic and Basement\Email_to_sales\Temp_Files\Sales_Report_Temp.xlsx
2025-02-19 14:01:21,515 - data_processing - WARNING - Dr$ Opped 236 rows with missing emails
2025-02-19 14:04:00,004 - data_processing - INFO - Loading data from C:\Users\rghosh\OneDrive - Veritiv Corp\AI Lab\Attic and Basement\Email_to_sales\Temp_Files\Sales_Report_Temp.xlsx
2025-02-19 14:04:15,770 - data_processing - WARNING - Dr$ Opped 236 rows with missing emails
2025-02-19 17:12:33,407 - data_processing - INFO - Loading data from C:\Users\rghosh\OneDrive - Veritiv Corp\AI Lab\Attic and Basement\Email_to_sales\Temp_Files\Sales_Report_Temp.xlsx
2025-02-19 17:12:45,680 - data_processing - WARNING - Dr$ Opped 236 rows with missing emails
2025-02-19 17:28:35,105 - data_processing - INFO - Loading data from C:\Users\rghosh\OneDrive - Veritiv Corp\AI Lab\Attic and Basement\Email_to_sales\Temp_Files\Sales_Report_Temp.xlsx
2025-02-19 17:28:47,820 - data_processing - WARNING - Dr$ Opped 236 rows with missing emails
2025-02-19 17:33:37,198 - data_processing - INFO - Loading data from C:\Users\rghosh\OneDrive - Veritiv Corp\AI Lab\Attic and Basement\Email_to_sales\Temp_Files\Sales_Report_Temp.xlsx
2025-02-19 17:33:49,143 - data_processing - WARNING - Dr$ Opped 236 rows with missing emails
2025-02-19 17:38:17,330 - data_processing - INFO - Loading data from C:\Users\rghosh\OneDrive - Veritiv Corp\AI Lab\Attic and Basement\Email_to_sales\Temp_Files\Sales_Report_Temp.xlsx
2025-02-19 17:38:32,721 - data_processing - WARNING - Dr$ Opped 236 rows with missing emails
2025-02-19 22:13:36,868 - data_processing - INFO - Loading data from C:\Users\rghosh\OneDrive - Veritiv Corp\AI Lab\Attic and Basement\Email_to_sales\Temp_Files\Sales_Report_Temp.xlsx
2025-02-19 22:13:50,043 - data_processing - WARNING - Dr$ Opped 236 rows with missing emails
2025-02-19 22:17:28,459 - data_processing - INFO - Loading data from C:\Users\rghosh\OneDrive - Veritiv Corp\AI Lab\Attic and Basement\Email_to_sales\Temp_Files\Sales_Report_Temp.xlsx
2025-02-19 22:17:41,140 - data_processing - WARNING - Dr$ Opped 236 rows with missing emails
2025-02-19 22:28:57,315 - data_processing - INFO - Loading data from C:\Users\rghosh\OneDrive - Veritiv Corp\AI Lab\Attic and Basement\Email_to_sales\Temp_Files\Sales_Report_Temp.xlsx
2025-02-19 22:29:09,493 - data_processing - WARNING - Dr$ Opped 236 rows with missing emails
2025-02-19 22:41:07,366 - data_processing - INFO - Loading data from C:\Users\rghosh\OneDrive - Veritiv Corp\AI Lab\Attic and Basement\Email_to_sales\Temp_Files\Sales_Report_Temp.xlsx
2025-02-19 22:41:19,171 - data_processing - WARNING - Dr$ Opped 236 rows with missing emails
2025-02-19 22:48:11,147 - data_processing - INFO - Loading data from C:\Users\rghosh\OneDrive - Veritiv Corp\AI Lab\Attic and Basement\Email_to_sales\Temp_Files\Sales_Report_Temp.xlsx
2025-02-19 22:48:24,313 - data_processing - WARNING - Dr$ Opped 236 rows with missing emails
2025-02-19 22:59:04,531 - data_processing - INFO - Loading data from C:\Users\rghosh\OneDrive - Veritiv Corp\AI Lab\Attic and Basement\Email_to_sales\Temp_Files\Sales_Report_Temp.xlsx
2025-02-19 22:59:16,427 - data_processing - WARNING - Dr$ Opped 236 rows with missing emails
2025-02-25 10:10:14,018 - data_processing - INFO - Loading data from C:\Users\rghosh\OneDrive - Veritiv Corp\AI Lab\Attic and Basement\Email_to_sales\Temp_Files\Sales_Report_Temp.xlsx
2025-02-26 09:34:22,072 - data_processing - INFO - Loading data from C:\Users\rghosh\OneDrive - Veritiv Corp\AI Lab\Attic and Basement\Email_to_sales\Temp_Files\Sales_Report_Temp.xlsx
2025-02-26 09:35:01,173 - data_processing - INFO - Loading data from C:\Users\rghosh\OneDrive - Veritiv Corp\AI Lab\Attic and Basement\Email_to_sales\Temp_Files\Sales_Report_Temp.xlsx
2025-02-26 09:35:13,363 - data_processing - WARNING - Dr$ Opped 286 rows with missing emails
2025-02-26 09:42:12,674 - data_processing - INFO - Loading data from C:\Users\rghosh\OneDrive - Veritiv Corp\AI Lab\Attic and Basement\Email_to_sales\Temp_Files\Sales_Report_Temp.xlsx
2025-02-26 09:42:26,292 - data_processing - WARNING - Dr$ Opped 286 rows with missing emails
2025-02-26 10:02:00,522 - data_processing - INFO - Loading data from C:\Users\rghosh\OneDrive - Veritiv Corp\AI Lab\Attic and Basement\Email_to_sales\Temp_Files\Sales_Report_Temp.xlsx
2025-02-26 10:02:16,812 - data_processing - WARNING - Dr$ Opped 286 rows with missing emails
2025-02-26 11:21:32,635 - data_processing - INFO - Loading data from C:\Users\rghosh\OneDrive - Veritiv Corp\AI Lab\Attic and Basement\Email_to_sales\Temp_Files\Sales_Report_Temp.xlsx
2025-02-26 11:21:37,667 - data_processing - WARNING - Dr$ Opped 286 rows with missing emails
2025-02-26 11:24:56,427 - data_processing - INFO - Loading data from C:\Users\rghosh\OneDrive - Veritiv Corp\AI Lab\Attic and Basement\Email_to_sales\Temp_Files\Sales_Report_Temp.xlsx
2025-02-26 11:25:01,349 - data_processing - WARNING - Dr$ Opped 286 rows with missing emails
2025-02-26 11:26:28,746 - data_processing - INFO - Loading data from C:\Users\rghosh\OneDrive - Veritiv Corp\AI Lab\Attic and Basement\Email_to_sales\Temp_Files\Sales_Report_Temp.xlsx
2025-02-26 11:26:33,688 - data_processing - WARNING - Dr$ Opped 286 rows with missing emails
2025-02-26 11:27:51,742 - data_processing - INFO - Loading data from C:\Users\rghosh\OneDrive - Veritiv Corp\AI Lab\Attic and Basement\Email_to_sales\Temp_Files\Sales_Report_Temp.xlsx
2025-02-26 11:27:56,816 - data_processing - WARNING - Dr$ Opped 286 rows with missing emails
2025-02-26 11:30:03,544 - data_processing - INFO - Loading data from C:\Users\rghosh\OneDrive - Veritiv Corp\AI Lab\Attic and Basement\Email_to_sales\Temp_Files\Sales_Report_Temp.xlsx
2025-02-26 11:30:09,142 - data_processing - WARNING - Dr$ Opped 286 rows with missing emails
2025-02-26 11:46:37,699 - data_processing - INFO - Loading data from C:\Users\rghosh\OneDrive - Veritiv Corp\AI Lab\Attic and Basement\Email_to_sales\Temp_Files\Sales_Report_Temp.xlsx
2025-02-26 11:46:42,628 - data_processing - WARNING - Dr$ Opped 286 rows with missing emails
2025-02-26 13:02:44,186 - data_processing - INFO - Loading data from C:\Users\rghosh\OneDrive - Veritiv Corp\AI Lab\Attic and Basement\Email_to_sales\Temp_Files\Sales_Report_Temp.xlsx
2025-02-26 13:02:49,536 - data_processing - WARNING - Dr$ Opped 286 rows with missing emails
2025-02-26 13:10:19,253 - data_processing - INFO - Loading data from C:\Users\rghosh\OneDrive - Veritiv Corp\AI Lab\Attic and Basement\Email_to_sales\Temp_Files\Sales_Report_Temp.xlsx
2025-02-26 13:10:24,844 - data_processing - WARNING - Dr$ Opped 286 rows with missing emails
2025-02-26 13:24:47,295 - data_processing - INFO - Loading data from C:\Users\rghosh\OneDrive - Veritiv Corp\AI Lab\Attic and Basement\Email_to_sales\Temp_Files\Sales_Report_Temp.xlsx
2025-02-26 13:24:52,455 - data_processing - WARNING - Dr$ Opped 286 rows with missing emails
2025-02-26 13:29:27,045 - data_processing - INFO - Loading data from C:\Users\rghosh\OneDrive - Veritiv Corp\AI Lab\Attic and Basement\Email_to_sales\Temp_Files\Sales_Report_Temp.xlsx
2025-02-26 13:29:32,198 - data_processing - WARNING - Dr$ Opped 286 rows with missing emails
2025-02-26 13:36:12,082 - data_processing - INFO - Loading data from C:\Users\rghosh\OneDrive - Veritiv Corp\AI Lab\Attic and Basement\Email_to_sales\Temp_Files\Sales_Report_Temp.xlsx
2025-02-26 13:36:17,596 - data_processing - WARNING - Dr$ Opped 286 rows with missing emails
2025-02-26 13:40:46,198 - data_processing - INFO - Loading data from C:\Users\rghosh\OneDrive - Veritiv Corp\AI Lab\Attic and Basement\Email_to_sales\Temp_Files\Sales_Report_Temp.xlsx
2025-02-26 13:40:51,889 - data_processing - WARNING - Dr$ Opped 286 rows with missing emails
2025-02-26 13:48:59,297 - data_processing - INFO - Loading data from C:\Users\rghosh\OneDrive - Veritiv Corp\AI Lab\Attic and Basement\Email_to_sales\Temp_Files\Sales_Report_Temp.xlsx
2025-02-26 13:49:04,801 - data_processing - WARNING - Dr$ Opped 286 rows with missing emails
2025-02-26 14:02:45,458 - data_processing - INFO - Loading data from C:\Users\rghosh\OneDrive - Veritiv Corp\AI Lab\Attic and Basement\Email_to_sales\Temp_Files\Sales_Report_Temp.xlsx
2025-02-26 14:02:51,633 - data_processing - WARNING - Dr$ Opped 286 rows with missing emails
2025-02-26 14:23:51,920 - data_processing - INFO - Loading data from C:\Users\rghosh\OneDrive - Veritiv Corp\AI Lab\Attic and Basement\Email_to_sales\Temp_Files\Sales_Report_Temp.xlsx
2025-02-26 14:23:58,722 - data_processing - WARNING - Dr$ Opped 286 rows with missing emails
2025-02-26 14:33:21,547 - data_processing - INFO - Loading data from C:\Users\rghosh\OneDrive - Veritiv Corp\AI Lab\Attic and Basement\Email_to_sales\Temp_Files\Sales_Report_Temp.xlsx
2025-02-26 14:33:27,647 - data_processing - WARNING - Dr$ Opped 286 rows with missing emails
2025-02-26 14:58:40,866 - data_processing - INFO - Loading data from C:\Users\rghosh\OneDrive - Veritiv Corp\AI Lab\Attic and Basement\Email_to_sales\Temp_Files\Sales_Report_Temp.xlsx
2025-02-26 14:58:46,593 - data_processing - WARNING - Dr$ Opped 286 rows with missing emails
2025-02-26 15:20:19,400 - data_processing - INFO - Loading data from C:\Users\rghosh\OneDrive - Veritiv Corp\AI Lab\Attic and Basement\Email_to_sales\Temp_Files\Sales_Report_Temp.xlsx
2025-02-26 15:20:24,815 - data_processing - WARNING - Dr$ Opped 286 rows with missing emails
2025-02-26 15:29:01,722 - data_processing - INFO - Loading data from C:\Users\rghosh\OneDrive - Veritiv Corp\AI Lab\Attic and Basement\Email_to_sales\Temp_Files\Sales_Report_Temp.xlsx
2025-02-26 15:29:06,995 - data_processing - WARNING - Dr$ Opped 286 rows with missing emails
2025-02-26 15:30:19,563 - data_processing - INFO - Loading data from C:\Users\rghosh\OneDrive - Veritiv Corp\AI Lab\Attic and Basement\Email_to_sales\Temp_Files\Sales_Report_Temp.xlsx
2025-02-26 15:30:25,148 - data_processing - WARNING - Dr$ Opped 286 rows with missing emails
2025-02-26 15:31:11,250 - data_processing - INFO - Loading data from C:\Users\rghosh\OneDrive - Veritiv Corp\AI Lab\Attic and Basement\Email_to_sales\Temp_Files\Sales_Report_Temp.xlsx
2025-02-26 15:31:16,820 - data_processing - WARNING - Dr$ Opped 286 rows with missing emails
2025-02-26 17:08:40,409 - data_processing - INFO - Loading data from C:\Users\rghosh\OneDrive - Veritiv Corp\AI Lab\Attic and Basement\Email_to_sales\Temp_Files\Sales_Report_Temp.xlsx
2025-02-26 17:08:45,151 - data_processing - WARNING - Dr$ Opped 286 rows with missing emails
2025-02-26 17:12:52,293 - data_processing - INFO - Loading data from C:\Users\rghosh\OneDrive - Veritiv Corp\AI Lab\Attic and Basement\Email_to_sales\Temp_Files\Sales_Report_Temp.xlsx
2025-02-26 17:12:57,556 - data_processing - WARNING - Dr$ Opped 286 rows with missing emails
2025-02-26 17:13:49,930 - data_processing - INFO - Loading data from C:\Users\rghosh\OneDrive - Veritiv Corp\AI Lab\Attic and Basement\Email_to_sales\Temp_Files\Sales_Report_Temp.xlsx
2025-02-26 17:13:54,731 - data_processing - WARNING - Dr$ Opped 286 rows with missing emails
2025-02-26 17:36:06,766 - data_processing - INFO - Loading data from C:\Users\rghosh\OneDrive - Veritiv Corp\AI Lab\Attic and Basement\Email_to_sales\Temp_Files\Sales_Report_Temp.xlsx
2025-02-26 17:36:11,886 - data_processing - WARNING - Dr$ Opped 286 rows with missing emails
2025-02-26 17:43:51,285 - data_processing - INFO - Loading data from C:\Users\rghosh\OneDrive - Veritiv Corp\AI Lab\Attic and Basement\Email_to_sales\Temp_Files\Sales_Report_Temp.xlsx
2025-02-26 17:43:56,370 - data_processing - WARNING - Dr$ Opped 286 rows with missing emails
2025-02-27 10:19:59,563 - data_processing - INFO - Loading data from C:\Users\rghosh\OneDrive - Veritiv Corp\AI Lab\Attic and Basement\Email_to_sales\Temp_Files\Sales_Report_Temp.xlsx
2025-02-27 10:20:05,522 - data_processing - WARNING - Dr$ Opped 286 rows with missing emails
2025-02-27 11:06:30,035 - data_processing - INFO - Loading data from C:\Users\rghosh\OneDrive - Veritiv Corp\AI Lab\Attic and Basement\Email_to_sales\Temp_Files\Sales_Report_Temp.xlsx
2025-02-27 11:06:35,357 - data_processing - WARNING - Dr$ Opped 286 rows with missing emails
2025-02-27 11:28:35,498 - data_processing - INFO - Loading data from C:\Users\rghosh\OneDrive - Veritiv Corp\AI Lab\Attic and Basement\Email_to_sales\Temp_Files\Sales_Report_Temp.xlsx
2025-02-27 11:28:41,754 - data_processing - WARNING - Dr$ Opped 286 rows with missing emails
2025-02-27 11:34:23,491 - data_processing - INFO - Loading data from C:\Users\rghosh\OneDrive - Veritiv Corp\AI Lab\Attic and Basement\Email_to_sales\Temp_Files\Sales_Report_Temp.xlsx
2025-02-27 11:34:29,585 - data_processing - WARNING - Dr$ Opped 286 rows with missing emails
2025-02-27 11:37:21,781 - data_processing - INFO - Loading data from C:\Users\rghosh\OneDrive - Veritiv Corp\AI Lab\Attic and Basement\Email_to_sales\Temp_Files\Sales_Report_Temp.xlsx
2025-02-27 11:37:27,461 - data_processing - WARNING - Dr$ Opped 286 rows with missing emails
2025-02-27 11:57:23,970 - data_processing - INFO - Loading data from C:\Users\rghosh\OneDrive - Veritiv Corp\AI Lab\Attic and Basement\Email_to_sales\Temp_Files\Sales_Report_Temp.xlsx
2025-02-27 11:57:29,444 - data_processing - WARNING - Dr$ Opped 286 rows with missing emails
2025-02-27 11:58:27,116 - data_processing - INFO - Loading data from C:\Users\rghosh\OneDrive - Veritiv Corp\AI Lab\Attic and Basement\Email_to_sales\Temp_Files\Sales_Report_Temp.xlsx
2025-02-27 11:58:32,587 - data_processing - WARNING - Dr$ Opped 286 rows with missing emails
2025-02-27 12:52:25,692 - data_processing - INFO - Loading data from C:\Users\rghosh\OneDrive - Veritiv Corp\AI Lab\Attic and Basement\Email_to_sales\Temp_Files\Sales_Report_Temp.xlsx
2025-02-27 12:52:31,513 - data_processing - WARNING - Dr$ Opped 286 rows with missing emails
2025-02-27 12:55:30,678 - data_processing - INFO - Loading data from C:\Users\rghosh\OneDrive - Veritiv Corp\AI Lab\Attic and Basement\Email_to_sales\Temp_Files\Sales_Report_Temp.xlsx
2025-02-27 12:55:36,385 - data_processing - WARNING - Dr$ Opped 286 rows with missing emails
2025-02-27 13:02:35,305 - data_processing - INFO - Loading data from C:\Users\rghosh\OneDrive - Veritiv Corp\AI Lab\Attic and Basement\Email_to_sales\Temp_Files\Sales_Report_Temp.xlsx
2025-02-27 13:02:40,759 - data_processing - WARNING - Dr$ Opped 286 rows with missing emails
2025-02-27 13:14:54,500 - data_processing - INFO - Loading data from C:\Users\rghosh\OneDrive - Veritiv Corp\AI Lab\Attic and Basement\Email_to_sales\Temp_Files\Sales_Report_Temp.xlsx
2025-02-27 13:15:00,168 - data_processing - WARNING - Dr$ Opped 286 rows with missing emails
2025-02-27 13:33:32,345 - data_processing - INFO - Loading data from C:\Users\rghosh\OneDrive - Veritiv Corp\AI Lab\Attic and Basement\Email_to_sales\Temp_Files\Sales_Report_Temp.xlsx
2025-02-27 13:33:37,549 - data_processing - WARNING - Dr$ Opped 286 rows with missing emails
2025-02-27 13:38:49,543 - data_processing - INFO - Loading data from C:\Users\rghosh\OneDrive - Veritiv Corp\AI Lab\Attic and Basement\Email_to_sales\Temp_Files\Sales_Report_Temp.xlsx
2025-02-27 13:38:55,130 - data_processing - WARNING - Dr$ Opped 286 rows with missing emails
2025-02-27 13:41:55,922 - data_processing - INFO - Loading data from C:\Users\rghosh\OneDrive - Veritiv Corp\AI Lab\Attic and Basement\Email_to_sales\Temp_Files\Sales_Report_Temp.xlsx
2025-02-27 13:42:01,460 - data_processing - WARNING - Dr$ Opped 286 rows with missing emails
2025-03-03 17:19:03,263 - data_processing - INFO - Loading data from C:\Users\rghosh\OneDrive - Veritiv Corp\AI Lab\Attic and Basement\Email_to_sales\Temp_Files\Sales_Report_Temp.xlsx
2025-03-03 17:19:08,408 - data_processing - WARNING - Dr$ Opped 286 rows with missing emails
2025-03-03 17:29:08,841 - data_processing - INFO - Loading data from C:\Users\rghosh\OneDrive - Veritiv Corp\AI Lab\Attic and Basement\Email_to_sales\Temp_Files\Sales_Report_Temp.xlsx
2025-03-03 17:29:13,714 - data_processing - WARNING - Dr$ Opped 286 rows with missing emails
2025-03-03 17:31:21,758 - data_processing - INFO - Loading data from C:\Users\rghosh\OneDrive - Veritiv Corp\AI Lab\Attic and Basement\Email_to_sales\Temp_Files\Sales_Report_Temp.xlsx
2025-03-03 17:31:27,434 - data_processing - WARNING - Dr$ Opped 286 rows with missing emails
2025-03-03 17:34:07,507 - data_processing - INFO - Loading data from C:\Users\rghosh\OneDrive - Veritiv Corp\AI Lab\Attic and Basement\Email_to_sales\Temp_Files\Sales_Report_Temp.xlsx
2025-03-03 17:34:12,963 - data_processing - WARNING - Dr$ Opped 286 rows with missing emails
2025-03-03 17:37:05,900 - data_processing - INFO - Loading data from C:\Users\rghosh\OneDrive - Veritiv Corp\AI Lab\Attic and Basement\Email_to_sales\Temp_Files\Sales_Report_Temp.xlsx
2025-03-03 17:37:11,007 - data_processing - WARNING - Dr$ Opped 286 rows with missing emails
2025-03-03 17:39:37,632 - data_processing - INFO - Loading data from C:\Users\rghosh\OneDrive - Veritiv Corp\AI Lab\Attic and Basement\Email_to_sales\Temp_Files\Sales_Report_Temp.xlsx
2025-03-03 17:39:42,895 - data_processing - WARNING - Dr$ Opped 286 rows with missing emails
2025-03-03 17:40:46,239 - data_processing - INFO - Loading data from C:\Users\rghosh\OneDrive - Veritiv Corp\AI Lab\Attic and Basement\Email_to_sales\Temp_Files\Sales_Report_Temp.xlsx
2025-03-03 17:40:51,394 - data_processing - WARNING - Dr$ Opped 286 rows with missing emails
2025-03-03 17:45:43,676 - data_processing - INFO - Loading data from C:\Users\rghosh\OneDrive - Veritiv Corp\AI Lab\Attic and Basement\Email_to_sales\Temp_Files\Sales_Report_Temp.xlsx
2025-03-03 17:45:49,021 - data_processing - WARNING - Dr$ Opped 286 rows with missing emails
2025-03-03 18:05:21,520 - data_processing - INFO - Loading data from C:\Users\rghosh\OneDrive - Veritiv Corp\AI Lab\Attic and Basement\Email_to_sales\Temp_Files\Sales_Report_Temp.xlsx
2025-03-03 18:05:26,186 - data_processing - WARNING - Dr$ Opped 286 rows with missing emails
2025-03-03 18:11:02,522 - data_processing - INFO - Loading data from C:\Users\rghosh\OneDrive - Veritiv Corp\AI Lab\Attic and Basement\Email_to_sales\Temp_Files\Sales_Report_Temp.xlsx
2025-03-03 18:11:07,830 - data_processing - WARNING - Dr$ Opped 286 rows with missing emails
2025-03-03 18:14:08,714 - data_processing - INFO - Loading data from C:\Users\rghosh\OneDrive - Veritiv Corp\AI Lab\Attic and Basement\Email_to_sales\Temp_Files\Sales_Report_Temp.xlsx
2025-03-03 18:14:14,167 - data_processing - WARNING - Dr$ Opped 286 rows with missing emails
2025-03-05 11:38:46,505 - data_processing - INFO - Loading data from C:\Users\rghosh\OneDrive - Veritiv Corp\AI Lab\Attic and Basement\Email_to_sales\Temp_Files\Sales_Report_Temp.xlsx
2025-03-05 11:38:51,805 - data_processing - WARNING - Dr$ Opped 286 rows with missing emails
2025-03-05 11:43:34,397 - data_processing - INFO - Loading data from C:\Users\rghosh\OneDrive - Veritiv Corp\AI Lab\Attic and Basement\Email_to_sales\Temp_Files\Sales_Report_Temp.xlsx
2025-03-05 11:43:39,453 - data_processing - WARNING - Dr$ Opped 286 rows with missing emails
2025-03-05 13:04:07,161 - data_processing - INFO - Loading data from C:\Users\rghosh\OneDrive - Veritiv Corp\AI Lab\Attic and Basement\Email_to_sales\Temp_Files\Sales_Report_Temp.xlsx
2025-03-05 13:04:12,130 - data_processing - WARNING - Dr$ Opped 286 rows with missing emails
2025-03-05 13:04:55,026 - data_processing - INFO - Loading data from C:\Users\rghosh\OneDrive - Veritiv Corp\AI Lab\Attic and Basement\Email_to_sales\Temp_Files\Sales_Report_Temp.xlsx
2025-03-05 13:05:00,152 - data_processing - WARNING - Dr$ Opped 286 rows with missing emails
2025-03-05 13:35:28,077 - data_processing - INFO - Loading data from C:\Users\rghosh\OneDrive - Veritiv Corp\AI Lab\Attic and Basement\Email_to_sales\Temp_Files\Sales_Report_Temp.xlsx
2025-03-05 13:35:33,338 - data_processing - WARNING - Dr$ Opped 286 rows with missing emails
2025-03-05 13:50:56,278 - data_processing - INFO - Loading data from C:\Users\rghosh\OneDrive - Veritiv Corp\AI Lab\Attic and Basement\Email_to_sales\Temp_Files\Sales_Report_Temp.xlsx
2025-03-05 13:51:01,462 - data_processing - WARNING - Dr$ Opped 286 rows with missing emails
2025-03-05 13:52:12,037 - data_processing - INFO - Loading data from C:\Users\rghosh\OneDrive - Veritiv Corp\AI Lab\Attic and Basement\Email_to_sales\Temp_Files\Sales_Report_Temp.xlsx
2025-03-05 13:52:17,346 - data_processing - WARNING - Dr$ Opped 286 rows with missing emails
2025-03-05 14:10:17,518 - data_processing - INFO - Loading data from C:\Users\rghosh\OneDrive - Veritiv Corp\AI Lab\Attic and Basement\Email_to_sales\Temp_Files\Sales_Report_Temp.xlsx
2025-03-05 14:10:22,722 - data_processing - WARNING - Dr$ Opped 286 rows with missing emails
2025-03-05 15:50:31,280 - data_processing - INFO - Loading data from C:\Users\rghosh\OneDrive - Veritiv Corp\AI Lab\Attic and Basement\Email_to_sales\Temp_Files\Sales_Report_Temp.xlsx
2025-03-05 15:50:37,248 - data_processing - WARNING - Dr$ Opped 286 rows with missing emails
2025-03-05 16:15:48,185 - data_processing - INFO - Loading data from C:\Users\rghosh\OneDrive - Veritiv Corp\AI Lab\Attic and Basement\Email_to_sales\Temp_Files\Sales_Report_Temp.xlsx
2025-03-05 16:15:53,283 - data_processing - WARNING - Dr$ Opped 286 rows with missing emails
2025-03-07 11:08:03,027 - data_processing - INFO - Loading data from C:\Users\rghosh\OneDrive - Veritiv Corp\AI Lab\Attic and Basement\Email_to_sales\Temp_Files\Sales_Report_Temp.xlsx
2025-03-07 11:08:08,841 - data_processing - WARNING - Dr$ Opped 286 rows with missing emails
2025-03-07 11:16:53,015 - data_processing - INFO - Loading data from C:\Users\rghosh\OneDrive - Veritiv Corp\AI Lab\Attic and Basement\Email_to_sales\Temp_Files\Sales_Report_Temp.xlsx
2025-03-07 11:16:58,298 - data_processing - WARNING - Dr$ Opped 286 rows with missing emails
2025-03-07 11:23:27,359 - data_processing - INFO - Loading data from C:\Users\rghosh\OneDrive - Veritiv Corp\AI Lab\Attic and Basement\Email_to_sales\Temp_Files\Sales_Report_Temp.xlsx
2025-03-07 11:23:32,534 - data_processing - WARNING - Dr$ Opped 286 rows with missing emails
2025-03-07 11:27:26,190 - data_processing - INFO - Loading data from C:\Users\rghosh\OneDrive - Veritiv Corp\AI Lab\Attic and Basement\Email_to_sales\Temp_Files\Sales_Report_Temp.xlsx
2025-03-07 11:27:31,487 - data_processing - WARNING - Dr$ Opped 286 rows with missing emails
2025-03-07 11:41:23,440 - data_processing - INFO - Loading data from C:\Users\rghosh\OneDrive - Veritiv Corp\AI Lab\Attic and Basement\Email_to_sales\Temp_Files\Sales_Report_Temp.xlsx
2025-03-07 11:41:28,998 - data_processing - WARNING - Dr$ Opped 286 rows with missing emails
2025-03-07 11:58:58,196 - data_processing - INFO - Loading data from C:\Users\rghosh\OneDrive - Veritiv Corp\AI Lab\Attic and Basement\Email_to_sales\Temp_Files\Sales_Report_Temp.xlsx
2025-03-07 11:59:04,462 - data_processing - WARNING - Dr$ Opped 286 rows with missing emails
2025-03-07 11:59:24,080 - data_processing - INFO - Loading data from C:\Users\rghosh\OneDrive - Veritiv Corp\AI Lab\Attic and Basement\Email_to_sales\Temp_Files\Sales_Report_Temp.xlsx
2025-03-07 11:59:30,112 - data_processing - WARNING - Dr$ Opped 286 rows with missing emails
2025-03-07 13:39:05,189 - data_processing - INFO - Loading data from C:\Users\rghosh\OneDrive - Veritiv Corp\AI Lab\Attic and Basement\Email_to_sales\Temp_Files\Sales_Report_Temp.xlsx
2025-03-07 13:39:12,998 - data_processing - WARNING - Dr$ Opped 286 rows with missing emails
2025-03-07 14:57:28,892 - data_processing - INFO - Loading data from C:\Users\rghosh\OneDrive - Veritiv Corp\AI Lab\Attic and Basement\Email_to_sales\Temp_Files\Sales_Report_Temp.xlsx
2025-03-07 14:57:35,016 - data_processing - WARNING - Dr$ Opped 286 rows with missing emails
2025-03-07 15:49:32,296 - data_processing - INFO - Loading data from C:\Users\rghosh\OneDrive - Veritiv Corp\AI Lab\Attic and Basement\Email_to_sales\Temp_Files\Sales_Report_Temp.xlsx
2025-03-07 15:49:48,894 - data_processing - WARNING - Dr$ Opped 282 rows with missing emails
2025-03-07 16:06:04,696 - data_processing - INFO - Loading data from C:\Users\rghosh\OneDrive - Veritiv Corp\AI Lab\Attic and Basement\Email_to_sales\Temp_Files\Sales_Report_Temp.xlsx
2025-03-07 16:06:20,897 - data_processing - WARNING - Dr$ Opped 282 rows with missing emails
2025-03-07 16:12:51,736 - data_processing - INFO - Loading data from C:\Users\rghosh\OneDrive - Veritiv Corp\AI Lab\Attic and Basement\Email_to_sales\Temp_Files\Sales_Report_Temp.xlsx
2025-03-07 16:13:06,425 - data_processing - WARNING - Dr$ Opped 282 rows with missing emails
2025-03-07 16:27:01,767 - data_processing - INFO - Loading data from C:\Users\rghosh\OneDrive - Veritiv Corp\AI Lab\Attic and Basement\Email_to_sales\Temp_Files\Sales_Report_Temp.xlsx
2025-03-07 16:27:14,668 - data_processing - WARNING - Dr$ Opped 282 rows with missing emails
2025-03-10 09:26:37,185 - data_processing - INFO - Loading data from C:\Users\rghosh\OneDrive - Veritiv Corp\AI Lab\Attic and Basement\Email_to_sales\Temp_Files\Sales_Report_Temp.xlsx
2025-03-10 09:26:51,279 - data_processing - WARNING - Dr$ Opped 282 rows with missing emails
2025-03-10 13:59:27,850 - data_processing - INFO - Loading data from C:\Users\rghosh\OneDrive - Veritiv Corp\AI Lab\Attic and Basement\Email_to_sales\Temp_Files\Sales_Report_Temp.xlsx
2025-03-10 13:59:41,542 - data_processing - WARNING - Dr$ Opped 282 rows with missing emails
2025-03-10 14:52:59,198 - data_processing - INFO - Loading data from C:\Users\rghosh\OneDrive - Veritiv Corp\AI Lab\Attic and Basement\Email_to_sales\Temp_Files\Sales_Report_Temp.xlsx
2025-03-10 14:53:14,055 - data_processing - WARNING - Dr$ Opped 282 rows with missing emails
2025-03-10 15:08:12,649 - data_processing - INFO - Loading data from C:\Users\rghosh\OneDrive - Veritiv Corp\AI Lab\Attic and Basement\Email_to_sales\Temp_Files\Sales_Report_Temp.xlsx
2025-03-10 15:08:25,232 - data_processing - WARNING - Dropped 282 rows with missing emails
2025-03-14 14:00:09,758 - data_processing - INFO - Loading data from C:\Users\rghosh\OneDrive - Veritiv Corp\AI Lab\Attic and Basement\Email_to_sales\Temp_Files\Sales_Report_Temp.xlsx
2025-03-14 14:00:27,818 - data_processing - WARNING - Dropped 282 rows with missing emails
2025-03-14 15:07:36,373 - data_processing - INFO - Loading data from C:\Users\rghosh\OneDrive - Veritiv Corp\AI Lab\Attic and Basement\Email_to_sales\Temp_Files\Sales_Report_Temp.xlsx
2025-03-14 15:07:56,065 - data_processing - WARNING - Dropped 282 rows with missing emails
2025-03-14 16:19:55,699 - data_processing - INFO - Loading data from C:\Users\rghosh\OneDrive - Veritiv Corp\AI Lab\Attic and Basement\Email_to_sales\Temp_Files\Sales_Report_Temp.xlsx
2025-03-14 16:20:08,212 - data_processing - WARNING - Dropped 282 rows with missing emails
2025-03-14 16:35:59,332 - data_processing - INFO - Loading data from C:\Users\rghosh\OneDrive - Veritiv Corp\AI Lab\Attic and Basement\Email_to_sales\Temp_Files\Sales_Report_Temp.xlsx
2025-03-14 16:36:18,455 - data_processing - WARNING - Dropped 286 rows with missing emails
2025-03-14 16:59:40,421 - data_processing - INFO - Loading data from C:\Users\rghosh\OneDrive - Veritiv Corp\AI Lab\Attic and Basement\Email_to_sales\Temp_Files\Sales_Report_Temp.xlsx
2025-03-14 16:59:50,219 - data_processing - WARNING - Dropped 85 rows with missing emails
2025-03-14 17:11:02,043 - data_processing - INFO - Loading data from C:\Users\rghosh\OneDrive - Veritiv Corp\AI Lab\Attic and Basement\Email_to_sales\Temp_Files\Sales_Report_Temp.xlsx
2025-03-14 17:11:11,767 - data_processing - WARNING - Dropped 82 rows with missing emails
2025-03-14 17:16:22,480 - data_processing - INFO - Loading data from C:\Users\rghosh\OneDrive - Veritiv Corp\AI Lab\Attic and Basement\Email_to_sales\Temp_Files\Sales_Report_Temp.xlsx
2025-03-14 17:16:26,131 - data_processing - WARNING - Dropped 82 rows with missing emails
2025-03-14 17:16:26,136 - data_processing - WARNING - Dropped 82 rows with missing emails
2025-03-20 08:54:57,382 - data_processing - INFO - Loading data from C:\Users\rghosh\OneDrive - Veritiv Corp\AI Lab\Attic and Basement\Email_to_sales\Temp_Files\Sales_Report_Temp.xlsx
2025-03-20 08:55:02,140 - data_processing - WARNING - Dropped 82 rows with missing emails
2025-03-20 08:55:02,147 - data_processing - WARNING - Dropped 82 rows with missing emails
2025-03-20 09:24:22,257 - data_processing - INFO - Loading data from C:\Users\rghosh\OneDrive - Veritiv Corp\AI Lab\Attic and Basement\Email_to_sales\Temp_Files\Sales_Report_Temp.xlsx
2025-03-20 09:24:26,422 - data_processing - WARNING - Dropped 82 rows with missing emails
2025-03-20 09:24:26,428 - data_processing - WARNING - Dropped 82 rows with missing emails
2025-03-20 09:52:35,369 - data_processing - INFO - Loading data from C:\Users\rghosh\OneDrive - Veritiv Corp\AI Lab\Attic and Basement\Email_to_sales\Temp_Files\Sales_Report_Temp.xlsx
2025-03-20 09:52:39,310 - data_processing - WARNING - Dropped 82 rows with missing emails
2025-03-20 09:52:39,316 - data_processing - WARNING - Dropped 82 rows with missing emails
2025-03-20 10:21:39,050 - data_processing - INFO - Loading data from C:\Users\rghosh\OneDrive - Veritiv Corp\AI Lab\Attic and Basement\Email_to_sales\Temp_Files\Sales_Report_Temp.xlsx
2025-03-20 10:21:43,235 - data_processing - WARNING - Dropped 82 rows with missing emails
2025-03-20 10:21:43,240 - data_processing - WARNING - Dropped 82 rows with missing emails
2025-03-20 10:59:28,441 - data_processing - INFO - Loading data from C:\Users\rghosh\OneDrive - Veritiv Corp\AI Lab\Attic and Basement\Email_to_sales\Temp_Files\Sales_Report_Temp.xlsx
2025-03-20 10:59:32,420 - data_processing - WARNING - Dropped 82 rows with missing emails
2025-03-20 10:59:32,425 - data_processing - WARNING - Dropped 82 rows with missing emails
2025-03-20 16:20:48,835 - data_processing - INFO - Loading data from C:\Users\rghosh\OneDrive - Veritiv Corp\AI Lab\Attic and Basement\Email_to_sales\Temp_Files\Sales_Report_Temp.xlsx
2025-03-20 16:20:52,706 - data_processing - WARNING - Dropped 82 rows with missing emails
2025-03-20 16:20:52,710 - data_processing - WARNING - Dropped 82 rows with missing emails
2025-03-20 16:20:52,739 - data_processing - ERROR - Error formatting columns: 'Gross Sales (TTM)'
2025-03-20 16:21:30,819 - data_processing - INFO - Loading data from C:\Users\rghosh\OneDrive - Veritiv Corp\AI Lab\Attic and Basement\Email_to_sales\Temp_Files\Sales_Report_Temp.xlsx
2025-03-20 16:21:34,671 - data_processing - WARNING - Dropped 82 rows with missing emails
2025-03-20 16:21:34,676 - data_processing - WARNING - Dropped 82 rows with missing emails
2025-03-20 16:21:34,703 - data_processing - ERROR - Error formatting columns: 'Gross Sales (TTM)'
2025-03-20 16:27:00,426 - data_processing - INFO - Loading data from C:\Users\rghosh\OneDrive - Veritiv Corp\AI Lab\Attic and Basement\Email_to_sales\Temp_Files\Sales_Report_Temp.xlsx
2025-03-20 16:27:00,429 - data_processing - ERROR - Failed to load data: [Errno 13] Permission denied: 'C:\\Users\\rghosh\\OneDrive - Veritiv Corp\\AI Lab\\Attic and Basement\\Email_to_sales\\Temp_Files\\Sales_Report_Temp.xlsx'
2025-03-20 16:27:07,621 - data_processing - INFO - Loading data from C:\Users\rghosh\OneDrive - Veritiv Corp\AI Lab\Attic and Basement\Email_to_sales\Temp_Files\Sales_Report_Temp.xlsx
2025-03-20 16:27:11,224 - data_processing - WARNING - Dropped 82 rows with missing emails
2025-03-20 16:27:11,230 - data_processing - WARNING - Dropped 82 rows with missing emails
2025-03-27 19:23:03,067 - data_processing - INFO - Loading data from C:\Users\rghosh\OneDrive - Veritiv Corp\AI Lab\Attic and Basement\Email_to_sales\Temp_Files\Sales_Report_Temp.xlsx
2025-03-27 19:23:04,310 - data_processing - WARNING - Dropped 28 rows with missing emails
2025-03-27 19:23:04,313 - data_processing - WARNING - Dropped 28 rows with missing emails
2025-03-27 19:24:38,021 - data_processing - INFO - Loading data from C:\Users\rghosh\OneDrive - Veritiv Corp\AI Lab\Attic and Basement\Email_to_sales\Temp_Files\Sales_Report_Temp.xlsx
2025-03-27 19:24:39,144 - data_processing - WARNING - Dropped 28 rows with missing emails
2025-03-27 19:24:39,146 - data_processing - WARNING - Dropped 28 rows with missing emails
2025-03-27 19:30:24,931 - data_processing - INFO - Loading data from C:\Users\rghosh\OneDrive - Veritiv Corp\AI Lab\Attic and Basement\Email_to_sales\Temp_Files\Sales_Report_Temp.xlsx
2025-03-27 19:30:24,932 - data_processing - ERROR - Failed to load data: [Errno 13] Permission denied: 'C:\\Users\\rghosh\\OneDrive - Veritiv Corp\\AI Lab\\Attic and Basement\\Email_to_sales\\Temp_Files\\Sales_Report_Temp.xlsx'
2025-03-27 19:30:43,113 - data_processing - INFO - Loading data from C:\Users\rghosh\OneDrive - Veritiv Corp\AI Lab\Attic and Basement\Email_to_sales\Temp_Files\Sales_Report_Temp.xlsx
2025-03-27 19:30:43,115 - data_processing - ERROR - Failed to load data: [Errno 13] Permission denied: 'C:\\Users\\rghosh\\OneDrive - Veritiv Corp\\AI Lab\\Attic and Basement\\Email_to_sales\\Temp_Files\\Sales_Report_Temp.xlsx'
2025-03-27 19:31:04,515 - data_processing - INFO - Loading data from C:\Users\rghosh\OneDrive - Veritiv Corp\AI Lab\Attic and Basement\Email_to_sales\Temp_Files\Sales_Report_Temp.xlsx
2025-03-27 19:31:04,600 - data_processing - WARNING - Dropped 2 rows with missing emails
2025-03-27 19:31:04,602 - data_processing - WARNING - Dropped 2 rows with missing emails
2025-03-27 19:32:40,838 - data_processing - INFO - Loading data from C:\Users\rghosh\OneDrive - Veritiv Corp\AI Lab\Attic and Basement\Email_to_sales\Temp_Files\Sales_Report_Temp.xlsx
2025-03-27 19:32:40,931 - data_processing - WARNING - Dropped 1 rows with missing emails
2025-03-27 19:32:40,933 - data_processing - WARNING - Dropped 1 rows with missing emails
2025-03-27 19:47:06,366 - data_processing - INFO - Loading data from C:\Users\rghosh\OneDrive - Veritiv Corp\AI Lab\Attic and Basement\Email_to_sales\Temp_Files\Sales_Report_Temp.xlsx
2025-03-27 19:51:32,377 - data_processing - INFO - Loading data from C:\Users\rghosh\OneDrive - Veritiv Corp\AI Lab\Attic and Basement\Email_to_sales\Temp_Files\Sales_Report_Temp.xlsx
2025-03-27 20:04:53,540 - data_processing - INFO - Loading data from C:\Users\rghosh\OneDrive - Veritiv Corp\AI Lab\Attic and Basement\Email_to_sales\Temp_Files\Sales_Report_Temp.xlsx
2025-03-27 20:34:32,582 - data_processing - INFO - Loading data from C:\Users\rghosh\OneDrive - Veritiv Corp\AI Lab\Attic and Basement\Email_to_sales\Temp_Files\Sales_Report_Temp.xlsx
2025-03-27 20:40:42,015 - data_processing - INFO - Loading data from C:\Users\rghosh\OneDrive - Veritiv Corp\AI Lab\Attic and Basement\Email_to_sales\Temp_Files\Sales_Report_Temp.xlsx
2025-03-28 10:31:21,290 - data_processing - INFO - Loading data from C:\Users\rghosh\OneDrive - Veritiv Corp\AI Lab\Attic and Basement\Email_to_sales\Temp_Files\Sales_Report_Temp.xlsx
2025-03-28 10:40:20,095 - data_processing - INFO - Loading data from C:\Users\rghosh\OneDrive - Veritiv Corp\AI Lab\Attic and Basement\Email_to_sales\Temp_Files\Sales_Report_Temp.xlsx
2025-03-28 10:43:40,063 - data_processing - INFO - Loading data from C:\Users\rghosh\OneDrive - Veritiv Corp\AI Lab\Attic and Basement\Email_to_sales\Temp_Files\Sales_Report_Temp.xlsx
2025-03-28 14:37:52,571 - data_processing - INFO - Loading data from C:\Users\rghosh\OneDrive - Veritiv Corp\AI Lab\Attic and Basement\Email_to_sales\Temp_Files\Sales_Report_Temp.xlsx
2025-04-03 16:22:56,127 - data_processing - INFO - Loading data from C:\Users\rghosh\OneDrive - Veritiv Corp\AI Lab\Attic and Basement\Email_to_sales\Temp_Files\Sales_Report_Temp.xlsx
2025-04-03 16:22:59,148 - data_processing - WARNING - Dropped 2 rows with missing emails
2025-04-03 16:22:59,151 - data_processing - WARNING - Dropped 2 rows with missing emails
2025-04-03 16:26:23,758 - data_processing - INFO - Loading data from C:\Users\rghosh\OneDrive - Veritiv Corp\AI Lab\Attic and Basement\Email_to_sales\Temp_Files\Sales_Report_Temp.xlsx
2025-04-03 16:26:23,928 - data_processing - WARNING - Dropped 1 rows with missing emails
2025-04-03 16:26:23,930 - data_processing - WARNING - Dropped 1 rows with missing emails
2025-04-03 18:09:46,617 - data_processing - INFO - Loading data from C:\Users\rghosh\OneDrive - Veritiv Corp\AI Lab\Attic and Basement\Email_to_sales\Temp_Files\Sales_Report_Temp.xlsx
2025-04-03 18:09:46,773 - data_processing - WARNING - Dropped 4 rows with missing emails
2025-04-03 18:09:46,774 - data_processing - WARNING - Dropped 4 rows with missing emails
2025-04-03 18:14:59,442 - data_processing - INFO - Loading data from C:\Users\rghosh\OneDrive - Veritiv Corp\AI Lab\Attic and Basement\Email_to_sales\Temp_Files\Sales_Report_Temp.xlsx
2025-04-03 18:14:59,592 - data_processing - WARNING - Dropped 4 rows with missing emails
2025-04-03 18:14:59,594 - data_processing - WARNING - Dropped 4 rows with missing emails
2025-04-03 18:17:37,821 - data_processing - INFO - Loading data from C:\Users\rghosh\OneDrive - Veritiv Corp\AI Lab\Attic and Basement\Email_to_sales\Temp_Files\Sales_Report_Temp.xlsx
2025-04-03 18:17:37,981 - data_processing - WARNING - Dropped 4 rows with missing emails
2025-04-03 18:17:37,982 - data_processing - WARNING - Dropped 4 rows with missing emails
2025-04-03 18:24:52,386 - data_processing - INFO - Loading data from C:\Users\rghosh\OneDrive - Veritiv Corp\AI Lab\Attic and Basement\Email_to_sales\Temp_Files\Sales_Report_Temp.xlsx
2025-04-18 18:40:16,487 - data_processing - INFO - Loading data from C:\Users\rghosh\OneDrive - Veritiv Corp\AI Lab\Attic and Basement\Email_to_sales\Temp_Files\Sales_Report_Temp.xlsx
2025-04-25 09:17:25,502 - data_processing - INFO - Loading data from C:\Users\rghosh\OneDrive - Veritiv Corp\AI Lab\Attic and Basement\Email_to_sales\Temp_Files\Sales_Report_Temp.xlsx
2025-04-25 09:26:27,174 - data_processing - INFO - Loading data from C:\Users\rghosh\OneDrive - Veritiv Corp\AI Lab\Attic and Basement\Email_to_sales\Temp_Files\Sales_Report_Temp.xlsx
2025-04-25 09:56:38,246 - data_processing - INFO - Loading data from C:\Users\rghosh\OneDrive - Veritiv Corp\AI Lab\Attic and Basement\Email_to_sales\Temp_Files\Sales_Report_Temp.xlsx
2025-04-25 09:57:44,634 - data_processing - INFO - Loading data from C:\Users\rghosh\OneDrive - Veritiv Corp\AI Lab\Attic and Basement\Email_to_sales\Temp_Files\Sales_Report_Temp.xlsx
2025-04-25 10:36:06,090 - data_processing - INFO - Loading data from C:\Users\rghosh\OneDrive - Veritiv Corp\AI Lab\Attic and Basement\Email_to_sales\Temp_Files\Sales_Report_Temp.xlsx
2025-04-25 12:10:10,222 - data_processing - INFO - Loading data from C:\Users\rghosh\OneDrive - Veritiv Corp\AI Lab\Attic and Basement\Email_to_sales\Temp_Files\Sales_Report_Temp.xlsx
2025-04-28 08:32:47,969 - data_processing - INFO - Loading data from C:\Users\rghosh\OneDrive - Veritiv Corp\AI Lab\Attic and Basement\Email_to_sales\Temp_Files\Sales_Report_Temp.xlsx
2025-04-28 08:37:52,843 - data_processing - INFO - Loading data from C:\Users\rghosh\OneDrive - Veritiv Corp\AI Lab\Attic and Basement\Email_to_sales\Temp_Files\Sales_Report_Temp.xlsx
2025-04-28 09:43:04,932 - data_processing - INFO - Loading data from C:\Users\rghosh\OneDrive - Veritiv Corp\AI Lab\Attic and Basement\Email_to_sales\Temp_Files\Sales_Report_Temp.xlsx
2025-04-28 09:54:31,718 - data_processing - INFO - Loading data from C:\Users\rghosh\OneDrive - Veritiv Corp\AI Lab\Attic and Basement\Email_to_sales\Temp_Files\Sales_Report_Temp.xlsx
2025-04-28 10:05:56,912 - data_processing - INFO - Loading data from C:\Users\rghosh\OneDrive - Veritiv Corp\AI Lab\Attic and Basement\Email_to_sales\Temp_Files\Sales_Report_Temp.xlsx
2025-04-28 10:17:24,850 - data_processing - INFO - Loading data from C:\Users\rghosh\OneDrive - Veritiv Corp\AI Lab\Attic and Basement\Email_to_sales\Temp_Files\Sales_Report_Temp.xlsx
2025-04-28 10:18:19,213 - data_processing - INFO - Loading data from C:\Users\rghosh\OneDrive - Veritiv Corp\AI Lab\Attic and Basement\Email_to_sales\Temp_Files\Sales_Report_Temp.xlsx
2025-04-28 10:43:22,327 - data_processing - INFO - Loading data from C:\Users\rghosh\OneDrive - Veritiv Corp\AI Lab\Attic and Basement\Email_to_sales\Temp_Files\Sales_Report_Temp.xlsx
