2025-02-18 16:06:09,728 - manager_service - INFO - Processing manager email for: Montbriand, Thomas
2025-02-18 16:06:09,969 - manager_service - ERROR - Failed to process manager Montbriand, Thomas: Failed to send email: 'EmailConfig' object is not subscriptable
2025-02-18 17:50:42,504 - manager_service - INFO - Processing manager email for: Montbriand, Thomas
2025-02-18 17:50:42,922 - manager_service - INFO - Successfully sent email to manager: Montbriand, Thomas
2025-02-18 17:50:42,926 - manager_service - INFO - Processing manager email for: Shields, Arthur
2025-02-18 17:50:43,511 - manager_service - INFO - Successfully sent email to manager: Shields, Arthur
2025-02-18 17:50:43,515 - manager_service - INFO - Processing manager email for: Tungate, William Baylor
2025-02-18 17:50:43,728 - manager_service - INFO - Successfully sent email to manager: Tungate, William Baylor
2025-02-18 17:50:43,735 - manager_service - INFO - Processing manager email for: Guenette, Thomas
2025-02-18 17:50:44,138 - manager_service - INFO - Successfully sent email to manager: Guenette, Thomas
2025-02-18 17:50:44,140 - manager_service - INFO - Processing manager email for: Owens, Brian R
2025-02-18 17:50:44,570 - manager_service - INFO - Successfully sent email to manager: Owens, Brian R
2025-02-18 20:24:31,460 - manager_service - INFO - Processing manager email for: Montbriand, Thomas
2025-02-18 20:24:31,873 - manager_service - INFO - Successfully sent email to manager: Montbriand, Thomas
2025-02-18 20:24:31,879 - manager_service - INFO - Processing manager email for: Shields, Arthur
2025-02-18 20:24:32,308 - manager_service - INFO - Successfully sent email to manager: Shields, Arthur
2025-02-18 20:24:32,313 - manager_service - INFO - Processing manager email for: Tungate, William Baylor
2025-02-18 20:24:32,480 - manager_service - INFO - Successfully sent email to manager: Tungate, William Baylor
2025-02-18 20:24:32,483 - manager_service - INFO - Processing manager email for: Guenette, Thomas
2025-02-18 20:24:32,816 - manager_service - INFO - Successfully sent email to manager: Guenette, Thomas
2025-02-18 20:24:32,820 - manager_service - INFO - Processing manager email for: Owens, Brian R
2025-02-18 20:24:33,248 - manager_service - INFO - Successfully sent email to manager: Owens, Brian R
2025-02-18 20:45:58,594 - manager_service - INFO - Processing manager email for: Montbriand, Thomas
2025-02-18 20:45:59,029 - manager_service - INFO - Successfully sent email to manager: Montbriand, Thomas
2025-02-18 20:45:59,034 - manager_service - INFO - Processing manager email for: Shields, Arthur
2025-02-18 20:45:59,449 - manager_service - INFO - Successfully sent email to manager: Shields, Arthur
2025-02-18 20:45:59,453 - manager_service - INFO - Processing manager email for: Tungate, William Baylor
2025-02-18 20:45:59,637 - manager_service - INFO - Successfully sent email to manager: Tungate, William Baylor
2025-02-18 20:45:59,640 - manager_service - INFO - Processing manager email for: Guenette, Thomas
2025-02-18 20:46:00,010 - manager_service - INFO - Successfully sent email to manager: Guenette, Thomas
2025-02-18 20:46:00,018 - manager_service - INFO - Processing manager email for: Owens, Brian R
2025-02-18 20:46:00,479 - manager_service - INFO - Successfully sent email to manager: Owens, Brian R
2025-02-18 21:14:06,404 - manager_service - INFO - Processing manager email for: Montbriand, Thomas
2025-02-18 21:14:06,835 - manager_service - INFO - Successfully sent email to manager: Montbriand, Thomas
2025-02-18 21:14:06,838 - manager_service - INFO - Processing manager email for: Shields, Arthur
2025-02-18 21:14:07,276 - manager_service - INFO - Successfully sent email to manager: Shields, Arthur
2025-02-18 21:14:07,280 - manager_service - INFO - Processing manager email for: Tungate, William Baylor
2025-02-18 21:14:07,450 - manager_service - INFO - Successfully sent email to manager: Tungate, William Baylor
2025-02-18 21:14:07,453 - manager_service - INFO - Processing manager email for: Guenette, Thomas
2025-02-18 21:14:07,815 - manager_service - INFO - Successfully sent email to manager: Guenette, Thomas
2025-02-18 21:14:07,819 - manager_service - INFO - Processing manager email for: Owens, Brian R
2025-02-18 21:14:08,308 - manager_service - INFO - Successfully sent email to manager: Owens, Brian R
2025-02-18 21:24:38,837 - manager_service - INFO - Processing manager email for: Montbriand, Thomas
2025-02-18 21:24:39,350 - manager_service - INFO - Successfully sent email to manager: Montbriand, Thomas
2025-02-18 21:24:39,354 - manager_service - INFO - Processing manager email for: Shields, Arthur
2025-02-18 21:24:39,792 - manager_service - INFO - Successfully sent email to manager: Shields, Arthur
2025-02-18 21:24:39,795 - manager_service - INFO - Processing manager email for: Tungate, William Baylor
2025-02-18 21:24:40,013 - manager_service - INFO - Successfully sent email to manager: Tungate, William Baylor
2025-02-18 21:24:40,017 - manager_service - INFO - Processing manager email for: Guenette, Thomas
2025-02-18 21:24:40,456 - manager_service - INFO - Successfully sent email to manager: Guenette, Thomas
2025-02-18 21:24:40,461 - manager_service - INFO - Processing manager email for: Owens, Brian R
2025-02-18 21:24:40,897 - manager_service - INFO - Successfully sent email to manager: Owens, Brian R
2025-02-19 00:37:32,954 - manager_service - INFO - Processing manager email for: Montbriand, Thomas
2025-02-19 00:37:33,433 - manager_service - INFO - Successfully sent email to manager: Montbriand, Thomas
2025-02-19 00:37:33,438 - manager_service - INFO - Processing manager email for: Shields, Arthur
2025-02-19 00:37:33,868 - manager_service - INFO - Successfully sent email to manager: Shields, Arthur
2025-02-19 00:37:33,873 - manager_service - INFO - Processing manager email for: Tungate, William Baylor
2025-02-19 00:37:34,133 - manager_service - INFO - Successfully sent email to manager: Tungate, William Baylor
2025-02-19 00:37:34,137 - manager_service - INFO - Processing manager email for: Guenette, Thomas
2025-02-19 00:37:34,578 - manager_service - INFO - Successfully sent email to manager: Guenette, Thomas
2025-02-19 00:37:34,583 - manager_service - INFO - Processing manager email for: Owens, Brian R
2025-02-19 00:37:35,156 - manager_service - INFO - Successfully sent email to manager: Owens, Brian R
2025-02-19 00:45:09,079 - manager_service - INFO - Processing manager email for: Montbriand, Thomas
2025-02-19 00:45:09,476 - manager_service - INFO - Successfully sent email to manager: Montbriand, Thomas
2025-02-19 00:45:09,480 - manager_service - INFO - Processing manager email for: Shields, Arthur
2025-02-19 00:45:09,884 - manager_service - INFO - Successfully sent email to manager: Shields, Arthur
2025-02-19 00:45:09,888 - manager_service - INFO - Processing manager email for: Tungate, William Baylor
2025-02-19 00:45:10,128 - manager_service - INFO - Successfully sent email to manager: Tungate, William Baylor
2025-02-19 00:45:10,132 - manager_service - INFO - Processing manager email for: Guenette, Thomas
2025-02-19 00:45:10,481 - manager_service - INFO - Successfully sent email to manager: Guenette, Thomas
2025-02-19 00:45:10,485 - manager_service - INFO - Processing manager email for: Owens, Brian R
2025-02-19 00:45:10,888 - manager_service - INFO - Successfully sent email to manager: Owens, Brian R
