2025-02-18 14:01:40,791 - sales_rep_service - INFO - Generating sales rep report: C:\Users\rghosh\OneDrive - Veritiv Corp\AI Lab\Attic and Basement\Email_to_sales\Temp_Files\Filtered_Reports\Ahlers, Thomas M_Report.xlsx
2025-02-18 14:01:40,913 - sales_rep_service - ERROR - Failed to process sales rep Ahlers, Thomas M: Failed to send email: 'EmailConfig' object is not subscriptable
2025-02-18 14:15:23,958 - sales_rep_service - INFO - Generating sales rep report: C:\Users\rghosh\OneDrive - Veritiv Corp\AI Lab\Attic and Basement\Email_to_sales\Temp_Files\Filtered_Reports\Ahlers, Thomas M_Report.xlsx
2025-02-18 14:15:24,161 - sales_rep_service - ERROR - Unexpected error processing sales rep Ahlers, Thomas M: send_email() got an unexpected keyword argument 'smtp_server'
2025-02-18 14:19:26,272 - sales_rep_service - INFO - Generating sales rep report: C:\Users\rghosh\OneDrive - Veritiv Corp\AI Lab\Attic and Basement\Email_to_sales\Temp_Files\Filtered_Reports\Ahlers, Thomas M_Report.xlsx
2025-02-18 14:19:26,385 - sales_rep_service - ERROR - Unexpected error processing sales rep Ahlers, Thomas M: send_email() got an unexpected keyword argument 'smtp_server'
2025-02-18 14:25:24,270 - sales_rep_service - INFO - Generating sales rep report: C:\Users\rghosh\OneDrive - Veritiv Corp\AI Lab\Attic and Basement\Email_to_sales\Temp_Files\Filtered_Reports\Ahlers, Thomas M_Report.xlsx
2025-02-18 14:25:24,420 - sales_rep_service - ERROR - Failed to process sales rep Ahlers, Thomas M: Failed to send email: 'NoneType' object is not subscriptable
2025-02-18 14:28:45,219 - sales_rep_service - INFO - Generating sales rep report: C:\Users\rghosh\OneDrive - Veritiv Corp\AI Lab\Attic and Basement\Email_to_sales\Temp_Files\Filtered_Reports\Ahlers, Thomas M_Report.xlsx
2025-02-18 14:28:45,338 - sales_rep_service - ERROR - Failed to process sales rep Ahlers, Thomas M: Failed to send email: 'NoneType' object is not subscriptable
2025-02-18 15:43:10,078 - sales_rep_service - INFO - Generating sales rep report: C:\Users\rghosh\OneDrive - Veritiv Corp\AI Lab\Attic and Basement\Email_to_sales\Temp_Files\Filtered_Reports\Ahlers, Thomas M_Report.xlsx
2025-02-18 15:43:10,543 - sales_rep_service - ERROR - Failed to process sales rep Ahlers, Thomas M: Failed to send email: SMTP AUTH extension not supported by server.
2025-02-18 16:06:09,378 - sales_rep_service - INFO - Generating sales rep report: C:\Users\rghosh\OneDrive - Veritiv Corp\AI Lab\Attic and Basement\Email_to_sales\Temp_Files\Filtered_Reports\Ahlers, Thomas M_Report.xlsx
2025-02-18 16:06:09,687 - sales_rep_service - INFO - Successfully sent email to Ahlers, Thomas M
2025-02-18 16:20:27,277 - sales_rep_service - INFO - Generating sales rep report: C:\Users\rghosh\OneDrive - Veritiv Corp\AI Lab\Attic and Basement\Email_to_sales\Temp_Files\Filtered_Reports\Ahlers, Thomas M_Report.xlsx
2025-02-18 16:20:27,392 - sales_rep_service - ERROR - Failed to process sales rep Ahlers, Thomas M: Failed to send email: 'dict' object has no attribute 'smtp_server'
2025-02-18 17:29:10,684 - sales_rep_service - INFO - Generating sales rep report: C:\Users\rghosh\OneDrive - Veritiv Corp\AI Lab\Attic and Basement\Email_to_sales\Temp_Files\Filtered_Reports\Ahlers, Thomas M_Report.xlsx
2025-02-18 17:29:10,843 - sales_rep_service - ERROR - Failed to process sales rep Ahlers, Thomas M: Failed to send email: 'dict' object has no attribute 'smtp_server'
2025-02-18 17:50:42,032 - sales_rep_service - INFO - Generating sales rep report: C:\Users\rghosh\OneDrive - Veritiv Corp\AI Lab\Attic and Basement\Email_to_sales\Temp_Files\Filtered_Reports\Ahlers, Thomas M_Report.xlsx
2025-02-18 17:50:42,455 - sales_rep_service - INFO - Successfully sent email to Ahlers, Thomas M
2025-02-18 20:24:30,920 - sales_rep_service - INFO - Generating sales rep report: C:\Users\rghosh\OneDrive - Veritiv Corp\AI Lab\Attic and Basement\Email_to_sales\Temp_Files\Filtered_Reports\Ahlers, Thomas M_Report.xlsx
2025-02-18 20:24:31,417 - sales_rep_service - INFO - Successfully sent email to Ahlers, Thomas M
2025-02-18 20:45:58,249 - sales_rep_service - INFO - Generating sales rep report: C:\Users\rghosh\OneDrive - Veritiv Corp\AI Lab\Attic and Basement\Email_to_sales\Temp_Files\Filtered_Reports\Ahlers, Thomas M_Report.xlsx
2025-02-18 20:45:58,550 - sales_rep_service - INFO - Successfully sent email to Ahlers, Thomas M
2025-02-18 21:14:05,959 - sales_rep_service - INFO - Generating sales rep report: C:\Users\rghosh\OneDrive - Veritiv Corp\AI Lab\Attic and Basement\Email_to_sales\Temp_Files\Filtered_Reports\Ahlers, Thomas M_Report.xlsx
2025-02-18 21:14:06,343 - sales_rep_service - INFO - Successfully sent email to Ahlers, Thomas M
2025-02-18 21:24:38,450 - sales_rep_service - INFO - Generating sales rep report: C:\Users\rghosh\OneDrive - Veritiv Corp\AI Lab\Attic and Basement\Email_to_sales\Temp_Files\Filtered_Reports\Ahlers, Thomas M_Report.xlsx
2025-02-18 21:24:38,792 - sales_rep_service - INFO - Successfully sent email to Ahlers, Thomas M
2025-02-19 00:37:32,544 - sales_rep_service - INFO - Generating sales rep report: C:\Users\rghosh\OneDrive - Veritiv Corp\AI Lab\Attic and Basement\Email_to_sales\Temp_Files\Filtered_Reports\Ahlers, Thomas M_Report.xlsx
2025-02-19 00:37:32,898 - sales_rep_service - INFO - Successfully sent email to Ahlers, Thomas M
2025-02-19 00:45:08,691 - sales_rep_service - INFO - Generating sales rep report: C:\Users\rghosh\OneDrive - Veritiv Corp\AI Lab\Attic and Basement\Email_to_sales\Temp_Files\Filtered_Reports\Ahlers, Thomas M_Report.xlsx
2025-02-19 00:45:09,035 - sales_rep_service - INFO - Successfully sent email to Ahlers, Thomas M
2025-02-19 10:56:23,988 - sales_rep_service - INFO - Generating sales rep report: C:\Users\rghosh\OneDrive - Veritiv Corp\AI Lab\Attic and Basement\Email_to_sales\Temp_Files\Filtered_Reports\Ahlers, Thomas M_Report.xlsx
2025-02-19 10:56:24,536 - sales_rep_service - INFO - Successfully sent email to Ahlers, Thomas M
2025-02-19 11:10:40,398 - sales_rep_service - INFO - Generating sales rep report: C:\Users\rghosh\OneDrive - Veritiv Corp\AI Lab\Attic and Basement\Email_to_sales\Temp_Files\Filtered_Reports\Ahlers, Thomas M_Report.xlsx
2025-02-19 11:10:40,682 - sales_rep_service - INFO - Successfully sent email to Ahlers, Thomas M
2025-02-19 13:46:45,537 - sales_rep_service - INFO - Generating sales rep report: C:\Users\rghosh\OneDrive - Veritiv Corp\AI Lab\Attic and Basement\Email_to_sales\Temp_Files\Filtered_Reports\Ahlers, Thomas M_Report.xlsx
2025-02-19 13:46:45,976 - sales_rep_service - INFO - Successfully sent email to Ahlers, Thomas M
2025-02-19 14:01:21,565 - sales_rep_service - INFO - Generating sales rep report: C:\Users\rghosh\OneDrive - Veritiv Corp\AI Lab\Attic and Basement\Email_to_sales\Temp_Files\Filtered_Reports\Ahlers, Thomas M_Report.xlsx
2025-02-19 14:01:21,824 - sales_rep_service - INFO - Successfully sent email to Ahlers, Thomas M
2025-02-19 14:04:15,823 - sales_rep_service - INFO - Generating sales rep report: C:\Users\rghosh\OneDrive - Veritiv Corp\AI Lab\Attic and Basement\Email_to_sales\Temp_Files\Filtered_Reports\Ahlers, Thomas M_Report.xlsx
2025-02-19 14:04:16,109 - sales_rep_service - INFO - Successfully sent email to Ahlers, Thomas M
2025-02-19 17:12:45,730 - sales_rep_service - INFO - Generating sales rep report: C:\Users\rghosh\OneDrive - Veritiv Corp\AI Lab\Attic and Basement\Email_to_sales\Temp_Files\Filtered_Reports\Ahlers, Thomas M_Report.xlsx
2025-02-19 17:12:46,160 - sales_rep_service - INFO - Successfully sent email to Ahlers, Thomas M
2025-02-19 17:28:47,872 - sales_rep_service - INFO - Generating sales rep report: C:\Users\rghosh\OneDrive - Veritiv Corp\AI Lab\Attic and Basement\Email_to_sales\Temp_Files\Filtered_Reports\Ahlers, Thomas M_Report.xlsx
2025-02-19 17:28:48,133 - sales_rep_service - INFO - Successfully sent email to Ahlers, Thomas M
2025-02-19 17:33:49,192 - sales_rep_service - INFO - Generating sales rep report: C:\Users\rghosh\OneDrive - Veritiv Corp\AI Lab\Attic and Basement\Email_to_sales\Temp_Files\Filtered_Reports\Ahlers, Thomas M_Report.xlsx
2025-02-19 17:33:49,493 - sales_rep_service - INFO - Successfully sent email to Ahlers, Thomas M
2025-02-19 17:38:32,774 - sales_rep_service - INFO - Generating sales rep report: C:\Users\rghosh\OneDrive - Veritiv Corp\AI Lab\Attic and Basement\Email_to_sales\Temp_Files\Filtered_Reports\Ahlers, Thomas M_Report.xlsx
2025-02-19 17:38:33,090 - sales_rep_service - INFO - Successfully sent email to Ahlers, Thomas M
2025-02-19 22:13:50,110 - sales_rep_service - INFO - Generating sales rep report: C:\Users\rghosh\OneDrive - Veritiv Corp\AI Lab\Attic and Basement\Email_to_sales\Temp_Files\Filtered_Reports\Ahlers, Thomas M_Report.xlsx
2025-02-19 22:13:50,482 - sales_rep_service - INFO - Successfully sent email to Ahlers, Thomas M
2025-02-19 22:17:41,191 - sales_rep_service - INFO - Generating sales rep report: C:\Users\rghosh\OneDrive - Veritiv Corp\AI Lab\Attic and Basement\Email_to_sales\Temp_Files\Filtered_Reports\Ahlers, Thomas M_Report.xlsx
2025-02-19 22:17:41,459 - sales_rep_service - INFO - Successfully sent email to Ahlers, Thomas M
2025-02-19 22:29:09,541 - sales_rep_service - INFO - Generating sales rep report: C:\Users\rghosh\OneDrive - Veritiv Corp\AI Lab\Attic and Basement\Email_to_sales\Temp_Files\Filtered_Reports\Ahlers, Thomas M_Report.xlsx
2025-02-19 22:29:10,034 - sales_rep_service - INFO - Successfully sent email to Ahlers, Thomas M
2025-02-19 22:41:19,222 - sales_rep_service - INFO - Generating sales rep report: C:\Users\rghosh\OneDrive - Veritiv Corp\AI Lab\Attic and Basement\Email_to_sales\Temp_Files\Filtered_Reports\Ahlers, Thomas M_Report.xlsx
2025-02-19 22:41:19,506 - sales_rep_service - INFO - Successfully sent email to Ahlers, Thomas M
2025-02-19 22:48:24,387 - sales_rep_service - INFO - Generating sales rep report: C:\Users\rghosh\OneDrive - Veritiv Corp\AI Lab\Attic and Basement\Email_to_sales\Temp_Files\Filtered_Reports\Ahlers, Thomas M_Report.xlsx
2025-02-19 22:48:24,655 - sales_rep_service - INFO - Successfully sent email to Ahlers, Thomas M
2025-02-19 22:59:16,477 - sales_rep_service - INFO - Generating sales rep report: C:\Users\rghosh\OneDrive - Veritiv Corp\AI Lab\Attic and Basement\Email_to_sales\Temp_Files\Filtered_Reports\Ahlers, Thomas M_Report.xlsx
2025-02-19 22:59:16,724 - sales_rep_service - INFO - Successfully sent email to Ahlers, Thomas M
2025-02-26 09:35:13,461 - sales_rep_service - ERROR - Unexpected error processing sales rep Ahlers, Thomas M: 'Sales Rep Email'
2025-02-26 09:42:26,395 - sales_rep_service - ERROR - Failed to process sales rep Ahlers, Thomas M: No data found for sales rep: Ahlers, Thomas M
2025-02-26 10:02:16,975 - sales_rep_service - ERROR - Failed to process sales rep Ahlers, Thomas M: No data found for sales rep: Ahlers, Thomas M
2025-02-26 11:21:37,796 - sales_rep_service - ERROR - Failed to process sales rep Ahlers, Thomas M: No data found for sales rep: Ahlers, Thomas M
2025-02-26 11:25:01,485 - sales_rep_service - ERROR - Failed to process sales rep Ahlers, Thomas M: No data found for sales rep: Ahlers, Thomas M
2025-02-26 11:26:33,788 - sales_rep_service - INFO - Generating sales rep report: C:\Users\rghosh\OneDrive - Veritiv Corp\AI Lab\Attic and Basement\Email_to_sales\Temp_Files\Filtered_Reports\Ahlers, Thomas M_Report.xlsx
2025-02-26 11:26:34,213 - sales_rep_service - INFO - Successfully sent email to Ahlers, Thomas M
2025-02-26 11:27:56,920 - sales_rep_service - INFO - Generating sales rep report: C:\Users\rghosh\OneDrive - Veritiv Corp\AI Lab\Attic and Basement\Email_to_sales\Temp_Files\Filtered_Reports\Ahlers, Thomas M_Report.xlsx
2025-02-26 11:27:57,173 - sales_rep_service - INFO - Successfully sent email to Ahlers, Thomas M
2025-02-26 11:30:09,287 - sales_rep_service - INFO - Generating sales rep report: C:\Users\rghosh\OneDrive - Veritiv Corp\AI Lab\Attic and Basement\Email_to_sales\Temp_Files\Filtered_Reports\Ahlers, Thomas M_Report.xlsx
2025-02-26 11:30:09,541 - sales_rep_service - INFO - Successfully sent email to Ahlers, Thomas M
2025-02-26 11:46:42,743 - sales_rep_service - INFO - Generating sales rep report: C:\Users\rghosh\OneDrive - Veritiv Corp\AI Lab\Attic and Basement\Email_to_sales\Temp_Files\Filtered_Reports\Ahlers, Thomas M_Report.xlsx
2025-02-26 11:46:43,017 - sales_rep_service - INFO - Successfully sent email to Ahlers, Thomas M
2025-02-26 13:02:49,669 - sales_rep_service - ERROR - Failed to generate sales rep report for Ahlers, Thomas M: invalid literal for int() with base 10: '1,542'
2025-02-26 13:02:49,671 - sales_rep_service - ERROR - Failed to process sales rep Ahlers, Thomas M: Failed to generate report: invalid literal for int() with base 10: '1,542'
2025-02-26 13:10:24,974 - sales_rep_service - INFO - Generating sales rep report: C:\Users\rghosh\OneDrive - Veritiv Corp\AI Lab\Attic and Basement\Email_to_sales\Temp_Files\Filtered_Reports\Ahlers, Thomas M_Report.xlsx
2025-02-26 13:10:25,352 - sales_rep_service - INFO - Successfully sent email to Ahlers, Thomas M
2025-02-26 13:24:52,581 - sales_rep_service - ERROR - Failed to generate sales rep report for Ahlers, Thomas M: '$ Opp to Floor1'
2025-02-26 13:24:52,582 - sales_rep_service - ERROR - Failed to process sales rep Ahlers, Thomas M: Failed to generate report: '$ Opp to Floor1'
2025-02-26 13:29:32,329 - sales_rep_service - ERROR - Failed to generate sales rep report for Ahlers, Thomas M: '$ Opp to Floor1'
2025-02-26 13:29:32,330 - sales_rep_service - ERROR - Failed to process sales rep Ahlers, Thomas M: Failed to generate report: '$ Opp to Floor1'
2025-02-26 13:36:17,720 - sales_rep_service - ERROR - Failed to generate sales rep report for Ahlers, Thomas M: '$ Opp to Floor1'
2025-02-26 13:36:17,721 - sales_rep_service - ERROR - Failed to process sales rep Ahlers, Thomas M: Failed to generate report: '$ Opp to Floor1'
2025-02-26 13:40:52,020 - sales_rep_service - ERROR - Failed to generate sales rep report for Ahlers, Thomas M: '$ Opp to Floor1'
2025-02-26 13:40:52,021 - sales_rep_service - ERROR - Failed to process sales rep Ahlers, Thomas M: Failed to generate report: '$ Opp to Floor1'
2025-02-26 13:49:04,944 - sales_rep_service - INFO - Generating sales rep report: C:\Users\rghosh\OneDrive - Veritiv Corp\AI Lab\Attic and Basement\Email_to_sales\Temp_Files\Filtered_Reports\Ahlers, Thomas M_Report.xlsx
2025-02-26 13:49:05,234 - sales_rep_service - INFO - Successfully sent email to Ahlers, Thomas M
2025-02-26 14:02:51,779 - sales_rep_service - INFO - Generating sales rep report: C:\Users\rghosh\OneDrive - Veritiv Corp\AI Lab\Attic and Basement\Email_to_sales\Temp_Files\Filtered_Reports\Ahlers, Thomas M_Report.xlsx
2025-02-26 14:02:52,100 - sales_rep_service - INFO - Successfully sent email to Ahlers, Thomas M
2025-02-26 14:23:58,882 - sales_rep_service - INFO - Generating sales rep report: C:\Users\rghosh\OneDrive - Veritiv Corp\AI Lab\Attic and Basement\Email_to_sales\Temp_Files\Filtered_Reports\Ahlers, Thomas M_Report.xlsx
2025-02-26 14:23:59,155 - sales_rep_service - INFO - Successfully sent email to Ahlers, Thomas M
2025-02-26 14:33:27,796 - sales_rep_service - INFO - Generating sales rep report: C:\Users\rghosh\OneDrive - Veritiv Corp\AI Lab\Attic and Basement\Email_to_sales\Temp_Files\Filtered_Reports\Ahlers, Thomas M_Report.xlsx
2025-02-26 14:33:28,193 - sales_rep_service - INFO - Successfully sent email to Ahlers, Thomas M
2025-02-26 14:58:46,721 - sales_rep_service - ERROR - Failed to generate sales rep report for Ahlers, Thomas M: '$ Opp to Floor'
2025-02-26 14:58:46,722 - sales_rep_service - ERROR - Failed to process sales rep Ahlers, Thomas M: Failed to generate report: '$ Opp to Floor'
2025-02-26 15:20:24,945 - sales_rep_service - ERROR - Failed to generate sales rep report for Ahlers, Thomas M: invalid literal for int() with base 10: '10959474.0'
2025-02-26 15:20:24,946 - sales_rep_service - ERROR - Failed to process sales rep Ahlers, Thomas M: Failed to generate report: invalid literal for int() with base 10: '10959474.0'
2025-02-26 15:29:07,120 - sales_rep_service - ERROR - Failed to generate sales rep report for Ahlers, Thomas M: invalid literal for int() with base 10: '10959474.0'
2025-02-26 15:29:07,122 - sales_rep_service - ERROR - Failed to process sales rep Ahlers, Thomas M: Failed to generate report: invalid literal for int() with base 10: '10959474.0'
2025-02-26 15:30:25,281 - sales_rep_service - ERROR - Failed to generate sales rep report for Ahlers, Thomas M: invalid literal for int() with base 10: '10959474.0'
2025-02-26 15:30:25,282 - sales_rep_service - ERROR - Failed to process sales rep Ahlers, Thomas M: Failed to generate report: invalid literal for int() with base 10: '10959474.0'
2025-02-26 15:31:16,957 - sales_rep_service - INFO - Generating sales rep report: C:\Users\rghosh\OneDrive - Veritiv Corp\AI Lab\Attic and Basement\Email_to_sales\Temp_Files\Filtered_Reports\Ahlers, Thomas M_Report.xlsx
2025-02-26 15:31:17,334 - sales_rep_service - INFO - Successfully sent email to Ahlers, Thomas M
2025-02-26 17:08:45,265 - sales_rep_service - INFO - Generating sales rep report: C:\Users\rghosh\OneDrive - Veritiv Corp\AI Lab\Attic and Basement\Email_to_sales\Temp_Files\Filtered_Reports\Ahlers, Thomas M_Report.xlsx
2025-02-26 17:08:45,638 - sales_rep_service - INFO - Successfully sent email to Ahlers, Thomas M
2025-02-26 17:12:57,665 - sales_rep_service - INFO - Generating sales rep report: C:\Users\rghosh\OneDrive - Veritiv Corp\AI Lab\Attic and Basement\Email_to_sales\Temp_Files\Filtered_Reports\Ahlers, Thomas M_Report.xlsx
2025-02-26 17:12:57,935 - sales_rep_service - INFO - Successfully sent email to Ahlers, Thomas M
2025-02-26 17:13:54,840 - sales_rep_service - INFO - Generating sales rep report: C:\Users\rghosh\OneDrive - Veritiv Corp\AI Lab\Attic and Basement\Email_to_sales\Temp_Files\Filtered_Reports\Ahlers, Thomas M_Report.xlsx
2025-02-26 17:13:55,218 - sales_rep_service - INFO - Successfully sent email to Ahlers, Thomas M
2025-02-26 17:36:11,996 - sales_rep_service - INFO - Generating sales rep report: C:\Users\rghosh\OneDrive - Veritiv Corp\AI Lab\Attic and Basement\Email_to_sales\Temp_Files\Filtered_Reports\Ahlers, Thomas M_Report.xlsx
2025-02-26 17:36:12,298 - sales_rep_service - INFO - Successfully sent email to Ahlers, Thomas M
2025-02-26 17:43:56,480 - sales_rep_service - INFO - Generating sales rep report: C:\Users\rghosh\OneDrive - Veritiv Corp\AI Lab\Attic and Basement\Email_to_sales\Temp_Files\Filtered_Reports\Ahlers, Thomas M_Report.xlsx
2025-02-26 17:43:56,759 - sales_rep_service - INFO - Successfully sent email to Ahlers, Thomas M
2025-02-27 10:20:05,641 - sales_rep_service - INFO - Generating sales rep report: C:\Users\rghosh\OneDrive - Veritiv Corp\AI Lab\Attic and Basement\Email_to_sales\Temp_Files\Filtered_Reports\Ahlers, Thomas M_Report.xlsx
2025-02-27 10:20:06,003 - sales_rep_service - INFO - Successfully sent email to Ahlers, Thomas M
2025-02-27 11:06:35,480 - sales_rep_service - INFO - Generating sales rep report: C:\Users\rghosh\OneDrive - Veritiv Corp\AI Lab\Attic and Basement\Email_to_sales\Temp_Files\Filtered_Reports\Ahlers, Thomas M_Report.xlsx
2025-02-27 11:06:35,863 - sales_rep_service - INFO - Successfully sent email to Ahlers, Thomas M
2025-02-27 11:28:41,902 - sales_rep_service - INFO - Generating sales rep report: C:\Users\rghosh\OneDrive - Veritiv Corp\AI Lab\Attic and Basement\Email_to_sales\Temp_Files\Filtered_Reports\Ahlers, Thomas M_Report.xlsx
2025-02-27 11:28:42,178 - sales_rep_service - INFO - Successfully sent email to Ahlers, Thomas M
2025-02-27 11:34:29,728 - sales_rep_service - ERROR - Failed to generate sales rep report for Ahlers, Thomas M: invalid literal for int() with base 10: '10959474.0'
2025-02-27 11:34:29,729 - sales_rep_service - ERROR - Failed to process sales rep Ahlers, Thomas M: Failed to generate report: invalid literal for int() with base 10: '10959474.0'
2025-02-27 11:37:27,576 - sales_rep_service - INFO - Generating sales rep report: C:\Users\rghosh\OneDrive - Veritiv Corp\AI Lab\Attic and Basement\Email_to_sales\Temp_Files\Filtered_Reports\Ahlers, Thomas M_Report.xlsx
2025-02-27 11:37:27,977 - sales_rep_service - INFO - Successfully sent email to Ahlers, Thomas M
2025-02-27 11:57:29,545 - sales_rep_service - ERROR - Failed to generate sales rep report for Ahlers, Thomas M: invalid literal for int() with base 10: '10959474.0'
2025-02-27 11:57:29,546 - sales_rep_service - ERROR - Failed to process sales rep Ahlers, Thomas M: Failed to generate report: invalid literal for int() with base 10: '10959474.0'
2025-02-27 11:58:32,718 - sales_rep_service - INFO - Generating sales rep report: C:\Users\rghosh\OneDrive - Veritiv Corp\AI Lab\Attic and Basement\Email_to_sales\Temp_Files\Filtered_Reports\Ahlers, Thomas M_Report.xlsx
2025-02-27 11:58:32,999 - sales_rep_service - INFO - Successfully sent email to Ahlers, Thomas M
2025-02-27 12:52:31,620 - sales_rep_service - ERROR - Failed to generate sales rep report for Ahlers, Thomas M: 'Sales Rep Name'
2025-02-27 12:52:31,621 - sales_rep_service - ERROR - Failed to process sales rep Ahlers, Thomas M: Failed to generate report: 'Sales Rep Name'
2025-02-27 12:55:36,487 - sales_rep_service - INFO - Generating sales rep report: C:\Users\rghosh\OneDrive - Veritiv Corp\AI Lab\Attic and Basement\Email_to_sales\Temp_Files\Filtered_Reports\Ahlers, Thomas M_Report.xlsx
2025-02-27 12:55:36,982 - sales_rep_service - INFO - Successfully sent email to Ahlers, Thomas M
2025-02-27 13:02:40,858 - sales_rep_service - INFO - Generating sales rep report: C:\Users\rghosh\OneDrive - Veritiv Corp\AI Lab\Attic and Basement\Email_to_sales\Temp_Files\Filtered_Reports\Ahlers, Thomas M_Report.xlsx
2025-02-27 13:02:41,131 - sales_rep_service - INFO - Successfully sent email to Ahlers, Thomas M
2025-02-27 13:15:00,271 - sales_rep_service - INFO - Generating sales rep report: C:\Users\rghosh\OneDrive - Veritiv Corp\AI Lab\Attic and Basement\Email_to_sales\Temp_Files\Filtered_Reports\Ahlers, Thomas M_Report.xlsx
2025-02-27 13:15:00,669 - sales_rep_service - INFO - Successfully sent email to Ahlers, Thomas M
2025-02-27 13:33:37,645 - sales_rep_service - INFO - Generating sales rep report: C:\Users\rghosh\OneDrive - Veritiv Corp\AI Lab\Attic and Basement\Email_to_sales\Temp_Files\Filtered_Reports\Ahlers, Thomas M_Report.xlsx
2025-02-27 13:33:37,905 - sales_rep_service - INFO - Successfully sent email to Ahlers, Thomas M
2025-02-27 13:38:55,230 - sales_rep_service - INFO - Generating sales rep report: C:\Users\rghosh\OneDrive - Veritiv Corp\AI Lab\Attic and Basement\Email_to_sales\Temp_Files\Filtered_Reports\Ahlers, Thomas M_Report.xlsx
2025-02-27 13:38:55,502 - sales_rep_service - INFO - Successfully sent email to Ahlers, Thomas M
2025-02-27 13:42:01,560 - sales_rep_service - INFO - Generating sales rep report: C:\Users\rghosh\OneDrive - Veritiv Corp\AI Lab\Attic and Basement\Email_to_sales\Temp_Files\Filtered_Reports\Ahlers, Thomas M_Report.xlsx
2025-02-27 13:42:01,858 - sales_rep_service - INFO - Successfully sent email to Ahlers, Thomas M
2025-03-03 17:19:08,501 - sales_rep_service - INFO - Generating sales rep report: C:\Users\rghosh\OneDrive - Veritiv Corp\AI Lab\Attic and Basement\Email_to_sales\Temp_Files\Filtered_Reports\Ahlers, Thomas M_Report.xlsx
2025-03-03 17:19:08,797 - sales_rep_service - INFO - Successfully sent email to Ahlers, Thomas M
2025-03-03 17:29:13,808 - sales_rep_service - INFO - Generating sales rep report: C:\Users\rghosh\OneDrive - Veritiv Corp\AI Lab\Attic and Basement\Email_to_sales\Temp_Files\Filtered_Reports\Ahlers, Thomas M_Report.xlsx
2025-03-03 17:29:14,057 - sales_rep_service - INFO - Successfully sent email to Ahlers, Thomas M
2025-03-03 17:31:27,527 - sales_rep_service - INFO - Generating sales rep report: C:\Users\rghosh\OneDrive - Veritiv Corp\AI Lab\Attic and Basement\Email_to_sales\Temp_Files\Filtered_Reports\Ahlers, Thomas M_Report.xlsx
2025-03-03 17:31:27,819 - sales_rep_service - INFO - Successfully sent email to Ahlers, Thomas M
2025-03-03 17:34:13,064 - sales_rep_service - INFO - Generating sales rep report: C:\Users\rghosh\OneDrive - Veritiv Corp\AI Lab\Attic and Basement\Email_to_sales\Temp_Files\Filtered_Reports\Ahlers, Thomas M_Report.xlsx
2025-03-03 17:34:13,377 - sales_rep_service - INFO - Successfully sent email to Ahlers, Thomas M
2025-03-03 17:37:11,102 - sales_rep_service - INFO - Generating sales rep report: C:\Users\rghosh\OneDrive - Veritiv Corp\AI Lab\Attic and Basement\Email_to_sales\Temp_Files\Filtered_Reports\Ahlers, Thomas M_Report.xlsx
2025-03-03 17:37:11,370 - sales_rep_service - INFO - Successfully sent email to Ahlers, Thomas M
2025-03-03 17:39:42,991 - sales_rep_service - INFO - Generating sales rep report: C:\Users\rghosh\OneDrive - Veritiv Corp\AI Lab\Attic and Basement\Email_to_sales\Temp_Files\Filtered_Reports\Ahlers, Thomas M_Report.xlsx
2025-03-03 17:39:43,377 - sales_rep_service - INFO - Successfully sent email to Ahlers, Thomas M
2025-03-03 17:40:51,495 - sales_rep_service - INFO - Generating sales rep report: C:\Users\rghosh\OneDrive - Veritiv Corp\AI Lab\Attic and Basement\Email_to_sales\Temp_Files\Filtered_Reports\Ahlers, Thomas M_Report.xlsx
2025-03-03 17:40:51,740 - sales_rep_service - INFO - Successfully sent email to Ahlers, Thomas M
2025-03-03 17:45:49,125 - sales_rep_service - INFO - Generating sales rep report: C:\Users\rghosh\OneDrive - Veritiv Corp\AI Lab\Attic and Basement\Email_to_sales\Temp_Files\Filtered_Reports\Ahlers, Thomas M_Report.xlsx
2025-03-03 17:45:49,536 - sales_rep_service - INFO - Successfully sent email to Ahlers, Thomas M
2025-03-03 18:05:26,282 - sales_rep_service - INFO - Generating sales rep report: C:\Users\rghosh\OneDrive - Veritiv Corp\AI Lab\Attic and Basement\Email_to_sales\Temp_Files\Filtered_Reports\Ahlers, Thomas M_Report.xlsx
2025-03-03 18:05:26,614 - sales_rep_service - INFO - Successfully sent email to Ahlers, Thomas M
2025-03-03 18:11:07,925 - sales_rep_service - INFO - Generating sales rep report: C:\Users\rghosh\OneDrive - Veritiv Corp\AI Lab\Attic and Basement\Email_to_sales\Temp_Files\Filtered_Reports\Ahlers, Thomas M_Report.xlsx
2025-03-03 18:11:08,024 - sales_rep_service - ERROR - Unexpected error processing sales rep Ahlers, Thomas M: create_email_body() got an unexpected keyword argument 'sales_rep_data'
2025-03-03 18:14:14,268 - sales_rep_service - INFO - Generating sales rep report: C:\Users\rghosh\OneDrive - Veritiv Corp\AI Lab\Attic and Basement\Email_to_sales\Temp_Files\Filtered_Reports\Ahlers, Thomas M_Report.xlsx
2025-03-03 18:14:14,603 - sales_rep_service - INFO - Successfully sent email to Ahlers, Thomas M
2025-03-05 11:38:51,901 - sales_rep_service - INFO - Generating sales rep report: C:\Users\rghosh\OneDrive - Veritiv Corp\AI Lab\Attic and Basement\Email_to_sales\Temp_Files\Filtered_Reports\Ahlers, Thomas M_Report.xlsx
2025-03-05 11:38:52,285 - sales_rep_service - INFO - Successfully sent email to Ahlers, Thomas M
2025-03-05 11:43:39,547 - sales_rep_service - INFO - Generating sales rep report: C:\Users\rghosh\OneDrive - Veritiv Corp\AI Lab\Attic and Basement\Email_to_sales\Temp_Files\Filtered_Reports\Ahlers, Thomas M_Report.xlsx
2025-03-05 11:43:39,932 - sales_rep_service - INFO - Successfully sent email to Ahlers, Thomas M
2025-03-05 13:04:12,224 - sales_rep_service - INFO - Generating sales rep report: C:\Users\rghosh\OneDrive - Veritiv Corp\AI Lab\Attic and Basement\Email_to_sales\Temp_Files\Filtered_Reports\Ahlers, Thomas M_Report.xlsx
2025-03-05 13:04:12,626 - sales_rep_service - INFO - Successfully sent email to Ahlers, Thomas M
2025-03-05 13:05:00,249 - sales_rep_service - INFO - Generating sales rep report: C:\Users\rghosh\OneDrive - Veritiv Corp\AI Lab\Attic and Basement\Email_to_sales\Temp_Files\Filtered_Reports\Ahlers, Thomas M_Report.xlsx
2025-03-05 13:05:00,494 - sales_rep_service - INFO - Successfully sent email to Ahlers, Thomas M
2025-03-05 13:35:33,434 - sales_rep_service - INFO - Generating sales rep report: C:\Users\rghosh\OneDrive - Veritiv Corp\AI Lab\Attic and Basement\Email_to_sales\Temp_Files\Filtered_Reports\Ahlers, Thomas M_Report.xlsx
2025-03-05 13:35:33,842 - sales_rep_service - INFO - Successfully sent email to Ahlers, Thomas M
2025-03-05 13:51:01,557 - sales_rep_service - INFO - Generating sales rep report: C:\Users\rghosh\OneDrive - Veritiv Corp\AI Lab\Attic and Basement\Email_to_sales\Temp_Files\Filtered_Reports\Ahlers, Thomas M_Report.xlsx
2025-03-05 13:51:01,901 - sales_rep_service - INFO - Successfully sent email to Ahlers, Thomas M
2025-03-05 13:52:17,450 - sales_rep_service - INFO - Generating sales rep report: C:\Users\rghosh\OneDrive - Veritiv Corp\AI Lab\Attic and Basement\Email_to_sales\Temp_Files\Filtered_Reports\Ahlers, Thomas M_Report.xlsx
2025-03-05 13:52:17,988 - sales_rep_service - INFO - Successfully sent email to Ahlers, Thomas M
2025-03-05 14:10:22,817 - sales_rep_service - INFO - Generating sales rep report: C:\Users\rghosh\OneDrive - Veritiv Corp\AI Lab\Attic and Basement\Email_to_sales\Temp_Files\Filtered_Reports\Ahlers, Thomas M_Report.xlsx
2025-03-05 14:10:23,071 - sales_rep_service - INFO - Successfully sent email to Ahlers, Thomas M
2025-03-05 15:50:37,351 - sales_rep_service - INFO - Generating sales rep report: C:\Users\rghosh\OneDrive - Veritiv Corp\AI Lab\Attic and Basement\Email_to_sales\Temp_Files\Filtered_Reports\Ahlers, Thomas M_Report.xlsx
2025-03-05 15:50:37,949 - sales_rep_service - INFO - Successfully sent email to Ahlers, Thomas M
2025-03-05 16:15:53,377 - sales_rep_service - INFO - Generating sales rep report: C:\Users\rghosh\OneDrive - Veritiv Corp\AI Lab\Attic and Basement\Email_to_sales\Temp_Files\Filtered_Reports\Ahlers, Thomas M_Report.xlsx
2025-03-05 16:15:53,738 - sales_rep_service - INFO - Successfully sent email to Ahlers, Thomas M
2025-03-07 11:08:08,951 - sales_rep_service - INFO - Generating sales rep report: C:\Users\rghosh\OneDrive - Veritiv Corp\AI Lab\Attic and Basement\Email_to_sales\Temp_Files\Filtered_Reports\Ahlers, Thomas M_Report.xlsx
2025-03-07 11:08:09,370 - sales_rep_service - INFO - Successfully sent email to Ahlers, Thomas M
2025-03-07 11:16:58,391 - sales_rep_service - INFO - Generating sales rep report: C:\Users\rghosh\OneDrive - Veritiv Corp\AI Lab\Attic and Basement\Email_to_sales\Temp_Files\Filtered_Reports\Ahlers, Thomas M_Report.xlsx
2025-03-07 11:16:58,669 - sales_rep_service - INFO - Successfully sent email to Ahlers, Thomas M
2025-03-07 11:23:32,624 - sales_rep_service - INFO - Generating sales rep report: C:\Users\rghosh\OneDrive - Veritiv Corp\AI Lab\Attic and Basement\Email_to_sales\Temp_Files\Filtered_Reports\Ahlers, Thomas M_Report.xlsx
2025-03-07 11:23:33,069 - sales_rep_service - INFO - Successfully sent email to Ahlers, Thomas M
2025-03-07 11:27:31,580 - sales_rep_service - INFO - Generating sales rep report: C:\Users\rghosh\OneDrive - Veritiv Corp\AI Lab\Attic and Basement\Email_to_sales\Temp_Files\Filtered_Reports\Ahlers, Thomas M_Report.xlsx
2025-03-07 11:27:32,012 - sales_rep_service - INFO - Successfully sent email to Ahlers, Thomas M
2025-03-07 11:41:29,106 - sales_rep_service - INFO - Generating sales rep report: C:\Users\rghosh\OneDrive - Veritiv Corp\AI Lab\Attic and Basement\Email_to_sales\Temp_Files\Filtered_Reports\Ahlers, Thomas M_Report.xlsx
2025-03-07 11:41:29,365 - sales_rep_service - INFO - Successfully sent email to Ahlers, Thomas M
2025-03-07 11:59:04,576 - sales_rep_service - INFO - Generating sales rep report: C:\Users\rghosh\OneDrive - Veritiv Corp\AI Lab\Attic and Basement\Email_to_sales\Temp_Files\Filtered_Reports\Ahlers, Thomas M_Report.xlsx
2025-03-07 11:59:05,041 - sales_rep_service - INFO - Successfully sent email to Ahlers, Thomas M
2025-03-07 11:59:30,211 - sales_rep_service - INFO - Generating sales rep report: C:\Users\rghosh\OneDrive - Veritiv Corp\AI Lab\Attic and Basement\Email_to_sales\Temp_Files\Filtered_Reports\Ahlers, Thomas M_Report.xlsx
2025-03-07 11:59:30,445 - sales_rep_service - INFO - Successfully sent email to Ahlers, Thomas M
2025-03-07 13:39:13,128 - sales_rep_service - INFO - Generating sales rep report: C:\Users\rghosh\OneDrive - Veritiv Corp\AI Lab\Attic and Basement\Email_to_sales\Temp_Files\Filtered_Reports\Ahlers, Thomas M_Report.xlsx
2025-03-07 13:39:13,565 - sales_rep_service - INFO - Successfully sent email to Ahlers, Thomas M
2025-03-07 14:57:35,120 - sales_rep_service - ERROR - Failed to generate sales rep report for Ahlers, Thomas M: '$ Gross Sales (TTM)'
2025-03-07 14:57:35,121 - sales_rep_service - ERROR - Failed to process sales rep Ahlers, Thomas M: Failed to generate report: '$ Gross Sales (TTM)'
2025-03-07 15:49:49,030 - sales_rep_service - INFO - Generating sales rep report: C:\Users\rghosh\OneDrive - Veritiv Corp\AI Lab\Attic and Basement\Email_to_sales\Temp_Files\Filtered_Reports\Ahlers, Thomas M_Report.xlsx
2025-03-07 15:49:49,458 - sales_rep_service - INFO - Successfully sent email to Ahlers, Thomas M
2025-03-07 16:06:21,102 - sales_rep_service - INFO - Generating sales rep report: C:\Users\rghosh\OneDrive - Veritiv Corp\AI Lab\Attic and Basement\Email_to_sales\Temp_Files\Filtered_Reports\Ahlers, Thomas M_Report.xlsx
2025-03-07 16:06:21,489 - sales_rep_service - INFO - Successfully sent email to Ahlers, Thomas M
2025-03-07 16:13:06,619 - sales_rep_service - INFO - Generating sales rep report: C:\Users\rghosh\OneDrive - Veritiv Corp\AI Lab\Attic and Basement\Email_to_sales\Temp_Files\Filtered_Reports\Ahlers, Thomas M_Report.xlsx
2025-03-07 16:13:07,054 - sales_rep_service - INFO - Successfully sent email to Ahlers, Thomas M
2025-03-07 16:27:14,784 - sales_rep_service - INFO - Generating sales rep report: C:\Users\rghosh\OneDrive - Veritiv Corp\AI Lab\Attic and Basement\Email_to_sales\Temp_Files\Filtered_Reports\Ahlers, Thomas M_Report.xlsx
2025-03-07 16:27:15,062 - sales_rep_service - INFO - Successfully sent email to Ahlers, Thomas M
2025-03-10 09:26:51,395 - sales_rep_service - INFO - Generating sales rep report: C:\Users\rghosh\OneDrive - Veritiv Corp\AI Lab\Attic and Basement\Email_to_sales\Temp_Files\Filtered_Reports\Ahlers, Thomas M_Report.xlsx
2025-03-10 09:26:51,864 - sales_rep_service - INFO - Successfully sent email to Ahlers, Thomas M
2025-03-10 13:59:41,667 - sales_rep_service - INFO - Generating sales rep report: C:\Users\rghosh\OneDrive - Veritiv Corp\AI Lab\Attic and Basement\Email_to_sales\Temp_Files\Filtered_Reports\Ahlers, Thomas M_Report.xlsx
2025-03-10 13:59:42,114 - sales_rep_service - INFO - Successfully sent email to Ahlers, Thomas M
2025-03-10 14:53:14,172 - sales_rep_service - INFO - Generating sales rep report: C:\Users\rghosh\OneDrive - Veritiv Corp\AI Lab\Attic and Basement\Email_to_sales\Temp_Files\Filtered_Reports\Ahlers, Thomas M_Report.xlsx
2025-03-10 14:53:14,577 - sales_rep_service - INFO - Successfully sent email to Ahlers, Thomas M
2025-03-10 15:08:25,341 - sales_rep_service - INFO - Generating sales rep report: C:\Users\rghosh\OneDrive - Veritiv Corp\AI Lab\Attic and Basement\Email_to_sales\Temp_Files\Filtered_Reports\Ahlers, Thomas M_Report.xlsx
2025-03-10 15:08:25,776 - sales_rep_service - INFO - Successfully sent email to Ahlers, Thomas M
2025-03-14 14:00:28,016 - sales_rep_service - INFO - Generating sales rep report: C:\Users\rghosh\OneDrive - Veritiv Corp\AI Lab\Attic and Basement\Email_to_sales\Temp_Files\Filtered_Reports\Ahlers, Thomas M_Report.xlsx
2025-03-14 14:00:28,500 - sales_rep_service - INFO - Successfully sent email to Ahlers, Thomas M
2025-03-14 15:07:56,258 - sales_rep_service - INFO - Generating sales rep report: C:\Users\rghosh\OneDrive - Veritiv Corp\AI Lab\Attic and Basement\Email_to_sales\Temp_Files\Filtered_Reports\Ahlers, Thomas M_Report.xlsx
2025-03-14 15:07:56,729 - sales_rep_service - INFO - Successfully sent email to Ahlers, Thomas M
2025-03-14 16:20:08,329 - sales_rep_service - INFO - Generating sales rep report: C:\Users\rghosh\OneDrive - Veritiv Corp\AI Lab\Attic and Basement\Email_to_sales\Temp_Files\Filtered_Reports\Ahlers, Thomas M_Report.xlsx
2025-03-14 16:20:08,714 - sales_rep_service - INFO - Successfully sent email to Ahlers, Thomas M
2025-03-14 16:36:18,654 - sales_rep_service - INFO - Generating sales rep report: C:\Users\rghosh\OneDrive - Veritiv Corp\AI Lab\Attic and Basement\Email_to_sales\Temp_Files\Filtered_Reports\Ahlers, Thomas M_Report.xlsx
2025-03-14 16:36:19,084 - sales_rep_service - INFO - Successfully sent email to Ahlers, Thomas M
2025-03-14 16:59:50,319 - sales_rep_service - INFO - Generating sales rep report: C:\Users\rghosh\OneDrive - Veritiv Corp\AI Lab\Attic and Basement\Email_to_sales\Temp_Files\Filtered_Reports\Ahlers, Thomas M_Report.xlsx
2025-03-14 16:59:50,541 - sales_rep_service - INFO - Successfully sent email to Ahlers, Thomas M
2025-03-14 17:16:26,231 - sales_rep_service - INFO - Generating sales rep report: C:\Users\rghosh\OneDrive - Veritiv Corp\AI Lab\Attic and Basement\Email_to_sales\Temp_Files\Filtered_Reports\Ahlers, Thomas M_Report.xlsx
2025-03-14 17:16:26,454 - sales_rep_service - INFO - Successfully sent email to Ahlers, Thomas M
2025-03-20 08:55:02,251 - sales_rep_service - INFO - Generating sales rep report: C:\Users\rghosh\OneDrive - Veritiv Corp\AI Lab\Attic and Basement\Email_to_sales\Temp_Files\Filtered_Reports\Ahlers, Thomas M_Report.xlsx
2025-03-20 08:55:02,856 - sales_rep_service - INFO - Successfully sent email to Ahlers, Thomas M
2025-03-20 09:24:26,515 - sales_rep_service - INFO - Generating sales rep report: C:\Users\rghosh\OneDrive - Veritiv Corp\AI Lab\Attic and Basement\Email_to_sales\Temp_Files\Filtered_Reports\Ahlers, Thomas M_Report.xlsx
2025-03-20 09:24:26,744 - sales_rep_service - INFO - Successfully sent email to Ahlers, Thomas M
2025-03-20 09:52:39,408 - sales_rep_service - INFO - Generating sales rep report: C:\Users\rghosh\OneDrive - Veritiv Corp\AI Lab\Attic and Basement\Email_to_sales\Temp_Files\Filtered_Reports\Ahlers, Thomas M_Report.xlsx
2025-03-20 09:52:39,647 - sales_rep_service - INFO - Successfully sent email to Ahlers, Thomas M
2025-03-20 10:21:43,335 - sales_rep_service - INFO - Generating sales rep report: C:\Users\rghosh\OneDrive - Veritiv Corp\AI Lab\Attic and Basement\Email_to_sales\Temp_Files\Filtered_Reports\Ahlers, Thomas M_Report.xlsx
2025-03-20 10:21:43,572 - sales_rep_service - INFO - Successfully sent email to Ahlers, Thomas M
2025-03-20 10:59:32,519 - sales_rep_service - INFO - Generating sales rep report: C:\Users\rghosh\OneDrive - Veritiv Corp\AI Lab\Attic and Basement\Email_to_sales\Temp_Files\Filtered_Reports\Ahlers, Thomas M_Report.xlsx
2025-03-20 10:59:32,736 - sales_rep_service - INFO - Successfully sent email to Ahlers, Thomas M
2025-03-20 16:27:11,317 - sales_rep_service - INFO - Generating sales rep report: C:\Users\rghosh\OneDrive - Veritiv Corp\AI Lab\Attic and Basement\Email_to_sales\Temp_Files\Filtered_Reports\Ahlers, Thomas M_Report.xlsx
2025-03-20 16:27:11,746 - sales_rep_service - INFO - Successfully sent email to Ahlers, Thomas M
2025-03-27 19:23:04,379 - sales_rep_service - ERROR - Failed to process sales rep Olivas, Michael D: No data found for sales rep: Olivas, Michael D
2025-03-27 19:24:39,209 - sales_rep_service - ERROR - Failed to process sales rep Olivas, Michael D: No data found for sales rep: Olivas, Michael D
2025-03-27 19:31:04,663 - sales_rep_service - ERROR - Failed to process sales rep aellis@veritivcorp.com: No data found for sales rep: aellis@veritivcorp.com
2025-03-27 19:32:40,987 - sales_rep_service - INFO - Generating sales rep report: C:\Users\rghosh\OneDrive - Veritiv Corp\AI Lab\Attic and Basement\Email_to_sales\Temp_Files\Filtered_Reports\Ellis, Aimee_Report.xlsx
2025-03-27 19:32:41,298 - sales_rep_service - INFO - Successfully sent email to Ellis, Aimee
2025-03-27 19:32:41,310 - sales_rep_service - INFO - Generating sales rep report: C:\Users\rghosh\OneDrive - Veritiv Corp\AI Lab\Attic and Basement\Email_to_sales\Temp_Files\Filtered_Reports\Geiger, Kimiko_Report.xlsx
2025-03-27 19:32:41,674 - sales_rep_service - INFO - Successfully sent email to Geiger, Kimiko
2025-03-27 19:32:41,681 - sales_rep_service - INFO - Generating sales rep report: C:\Users\rghosh\OneDrive - Veritiv Corp\AI Lab\Attic and Basement\Email_to_sales\Temp_Files\Filtered_Reports\Alford, Dustin T_Report.xlsx
2025-03-27 19:32:41,955 - sales_rep_service - INFO - Successfully sent email to Alford, Dustin T
2025-03-27 19:32:41,961 - sales_rep_service - INFO - Generating sales rep report: C:\Users\rghosh\OneDrive - Veritiv Corp\AI Lab\Attic and Basement\Email_to_sales\Temp_Files\Filtered_Reports\Bell, Nicole_Report.xlsx
2025-03-27 19:32:42,206 - sales_rep_service - INFO - Successfully sent email to Bell, Nicole
2025-03-27 19:32:42,214 - sales_rep_service - INFO - Generating sales rep report: C:\Users\rghosh\OneDrive - Veritiv Corp\AI Lab\Attic and Basement\Email_to_sales\Temp_Files\Filtered_Reports\Montibon, Donna_Report.xlsx
2025-03-27 19:32:42,470 - sales_rep_service - INFO - Successfully sent email to Montibon, Donna
2025-03-27 19:32:42,477 - sales_rep_service - INFO - Generating sales rep report: C:\Users\rghosh\OneDrive - Veritiv Corp\AI Lab\Attic and Basement\Email_to_sales\Temp_Files\Filtered_Reports\Reisinger, Jeremy_Report.xlsx
2025-03-27 19:32:42,765 - sales_rep_service - INFO - Successfully sent email to Reisinger, Jeremy
2025-03-27 19:47:06,497 - sales_rep_service - INFO - Generating sales rep report: C:\Users\rghosh\OneDrive - Veritiv Corp\AI Lab\Attic and Basement\Email_to_sales\Temp_Files\Filtered_Reports\Ellis, Aimee_Report.xlsx
2025-03-27 19:47:06,831 - sales_rep_service - INFO - Successfully sent email to Ellis, Aimee
2025-03-27 19:47:06,839 - sales_rep_service - INFO - Generating sales rep report: C:\Users\rghosh\OneDrive - Veritiv Corp\AI Lab\Attic and Basement\Email_to_sales\Temp_Files\Filtered_Reports\Geiger, Kimiko_Report.xlsx
2025-03-27 19:47:07,149 - sales_rep_service - INFO - Successfully sent email to Geiger, Kimiko
2025-03-27 19:47:07,158 - sales_rep_service - INFO - Generating sales rep report: C:\Users\rghosh\OneDrive - Veritiv Corp\AI Lab\Attic and Basement\Email_to_sales\Temp_Files\Filtered_Reports\Alford, Dustin T_Report.xlsx
2025-03-27 19:47:07,411 - sales_rep_service - INFO - Successfully sent email to Alford, Dustin T
2025-03-27 19:47:07,420 - sales_rep_service - INFO - Generating sales rep report: C:\Users\rghosh\OneDrive - Veritiv Corp\AI Lab\Attic and Basement\Email_to_sales\Temp_Files\Filtered_Reports\Bell, Nicole_Report.xlsx
2025-03-27 19:47:07,746 - sales_rep_service - INFO - Successfully sent email to Bell, Nicole
2025-03-27 19:47:07,752 - sales_rep_service - INFO - Generating sales rep report: C:\Users\rghosh\OneDrive - Veritiv Corp\AI Lab\Attic and Basement\Email_to_sales\Temp_Files\Filtered_Reports\Montibon, Donna_Report.xlsx
2025-03-27 19:47:08,041 - sales_rep_service - INFO - Successfully sent email to Montibon, Donna
2025-03-27 19:47:08,046 - sales_rep_service - INFO - Generating sales rep report: C:\Users\rghosh\OneDrive - Veritiv Corp\AI Lab\Attic and Basement\Email_to_sales\Temp_Files\Filtered_Reports\Reisinger, Jeremy_Report.xlsx
2025-03-27 19:47:08,283 - sales_rep_service - INFO - Successfully sent email to Reisinger, Jeremy
2025-03-27 19:51:32,512 - sales_rep_service - INFO - Generating sales rep report: C:\Users\rghosh\OneDrive - Veritiv Corp\AI Lab\Attic and Basement\Email_to_sales\Temp_Files\Filtered_Reports\Ellis, Aimee_Report.xlsx
2025-03-27 19:51:32,836 - sales_rep_service - INFO - Successfully sent email to Ellis, Aimee
2025-03-27 19:51:32,845 - sales_rep_service - INFO - Generating sales rep report: C:\Users\rghosh\OneDrive - Veritiv Corp\AI Lab\Attic and Basement\Email_to_sales\Temp_Files\Filtered_Reports\Geiger, Kimiko_Report.xlsx
2025-03-27 19:51:33,122 - sales_rep_service - INFO - Successfully sent email to Geiger, Kimiko
2025-03-27 19:51:33,131 - sales_rep_service - INFO - Generating sales rep report: C:\Users\rghosh\OneDrive - Veritiv Corp\AI Lab\Attic and Basement\Email_to_sales\Temp_Files\Filtered_Reports\Alford, Dustin T_Report.xlsx
2025-03-27 19:51:33,389 - sales_rep_service - INFO - Successfully sent email to Alford, Dustin T
2025-03-27 19:51:33,397 - sales_rep_service - INFO - Generating sales rep report: C:\Users\rghosh\OneDrive - Veritiv Corp\AI Lab\Attic and Basement\Email_to_sales\Temp_Files\Filtered_Reports\Bell, Nicole_Report.xlsx
2025-03-27 19:51:33,686 - sales_rep_service - INFO - Successfully sent email to Bell, Nicole
2025-03-27 19:51:33,692 - sales_rep_service - INFO - Generating sales rep report: C:\Users\rghosh\OneDrive - Veritiv Corp\AI Lab\Attic and Basement\Email_to_sales\Temp_Files\Filtered_Reports\Montibon, Donna_Report.xlsx
2025-03-27 19:51:33,956 - sales_rep_service - INFO - Successfully sent email to Montibon, Donna
2025-03-27 19:51:33,964 - sales_rep_service - INFO - Generating sales rep report: C:\Users\rghosh\OneDrive - Veritiv Corp\AI Lab\Attic and Basement\Email_to_sales\Temp_Files\Filtered_Reports\Reisinger, Jeremy_Report.xlsx
2025-03-27 19:51:34,183 - sales_rep_service - INFO - Successfully sent email to Reisinger, Jeremy
2025-03-27 20:04:53,664 - sales_rep_service - INFO - Generating sales rep report: C:\Users\rghosh\OneDrive - Veritiv Corp\AI Lab\Attic and Basement\Email_to_sales\Temp_Files\Filtered_Reports\Ellis, Aimee_Report.xlsx
2025-03-27 20:04:53,935 - sales_rep_service - INFO - Successfully sent email to Ellis, Aimee
2025-03-27 20:04:53,948 - sales_rep_service - INFO - Generating sales rep report: C:\Users\rghosh\OneDrive - Veritiv Corp\AI Lab\Attic and Basement\Email_to_sales\Temp_Files\Filtered_Reports\Geiger, Kimiko_Report.xlsx
2025-03-27 20:04:54,231 - sales_rep_service - INFO - Successfully sent email to Geiger, Kimiko
2025-03-27 20:04:54,240 - sales_rep_service - INFO - Generating sales rep report: C:\Users\rghosh\OneDrive - Veritiv Corp\AI Lab\Attic and Basement\Email_to_sales\Temp_Files\Filtered_Reports\Alford, Dustin T_Report.xlsx
2025-03-27 20:04:54,490 - sales_rep_service - INFO - Successfully sent email to Alford, Dustin T
2025-03-27 20:04:54,495 - sales_rep_service - INFO - Generating sales rep report: C:\Users\rghosh\OneDrive - Veritiv Corp\AI Lab\Attic and Basement\Email_to_sales\Temp_Files\Filtered_Reports\Montibon, Donna_Report.xlsx
2025-03-27 20:04:54,799 - sales_rep_service - INFO - Successfully sent email to Montibon, Donna
2025-03-27 20:04:54,805 - sales_rep_service - INFO - Generating sales rep report: C:\Users\rghosh\OneDrive - Veritiv Corp\AI Lab\Attic and Basement\Email_to_sales\Temp_Files\Filtered_Reports\Reisinger, Jeremy_Report.xlsx
2025-03-27 20:04:55,149 - sales_rep_service - INFO - Successfully sent email to Reisinger, Jeremy
2025-03-27 20:04:55,156 - sales_rep_service - INFO - Generating sales rep report: C:\Users\rghosh\OneDrive - Veritiv Corp\AI Lab\Attic and Basement\Email_to_sales\Temp_Files\Filtered_Reports\Bell, Nicole_Report.xlsx
2025-03-27 20:04:55,379 - sales_rep_service - INFO - Successfully sent email to Bell, Nicole
2025-03-27 20:34:32,726 - sales_rep_service - INFO - Generating sales rep report: C:\Users\rghosh\OneDrive - Veritiv Corp\AI Lab\Attic and Basement\Email_to_sales\Temp_Files\Filtered_Reports\Ellis, Aimee_Report.xlsx
2025-03-27 20:34:33,039 - sales_rep_service - INFO - Successfully sent email to Ellis, Aimee
2025-03-27 20:34:33,048 - sales_rep_service - INFO - Generating sales rep report: C:\Users\rghosh\OneDrive - Veritiv Corp\AI Lab\Attic and Basement\Email_to_sales\Temp_Files\Filtered_Reports\Geiger, Kimiko_Report.xlsx
2025-03-27 20:34:33,359 - sales_rep_service - INFO - Successfully sent email to Geiger, Kimiko
2025-03-27 20:34:33,367 - sales_rep_service - INFO - Generating sales rep report: C:\Users\rghosh\OneDrive - Veritiv Corp\AI Lab\Attic and Basement\Email_to_sales\Temp_Files\Filtered_Reports\Alford, Dustin T_Report.xlsx
2025-03-27 20:34:33,730 - sales_rep_service - INFO - Successfully sent email to Alford, Dustin T
2025-03-27 20:34:33,736 - sales_rep_service - INFO - Generating sales rep report: C:\Users\rghosh\OneDrive - Veritiv Corp\AI Lab\Attic and Basement\Email_to_sales\Temp_Files\Filtered_Reports\Montibon, Donna_Report.xlsx
2025-03-27 20:34:34,003 - sales_rep_service - INFO - Successfully sent email to Montibon, Donna
2025-03-27 20:34:34,011 - sales_rep_service - INFO - Generating sales rep report: C:\Users\rghosh\OneDrive - Veritiv Corp\AI Lab\Attic and Basement\Email_to_sales\Temp_Files\Filtered_Reports\Reisinger, Jeremy_Report.xlsx
2025-03-27 20:34:34,257 - sales_rep_service - INFO - Successfully sent email to Reisinger, Jeremy
2025-03-27 20:34:34,263 - sales_rep_service - INFO - Generating sales rep report: C:\Users\rghosh\OneDrive - Veritiv Corp\AI Lab\Attic and Basement\Email_to_sales\Temp_Files\Filtered_Reports\Bell, Nicole_Report.xlsx
2025-03-27 20:34:34,534 - sales_rep_service - INFO - Successfully sent email to Bell, Nicole
2025-03-27 20:40:42,170 - sales_rep_service - INFO - Generating sales rep report: C:\Users\rghosh\OneDrive - Veritiv Corp\AI Lab\Attic and Basement\Email_to_sales\Temp_Files\Filtered_Reports\Ellis, Aimee_Report.xlsx
2025-03-27 20:40:42,471 - sales_rep_service - INFO - Successfully sent email to Ellis, Aimee
2025-03-27 20:40:42,483 - sales_rep_service - INFO - Generating sales rep report: C:\Users\rghosh\OneDrive - Veritiv Corp\AI Lab\Attic and Basement\Email_to_sales\Temp_Files\Filtered_Reports\Geiger, Kimiko_Report.xlsx
2025-03-27 20:40:42,858 - sales_rep_service - INFO - Successfully sent email to Geiger, Kimiko
2025-03-27 20:40:42,867 - sales_rep_service - INFO - Generating sales rep report: C:\Users\rghosh\OneDrive - Veritiv Corp\AI Lab\Attic and Basement\Email_to_sales\Temp_Files\Filtered_Reports\Alford, Dustin T_Report.xlsx
2025-03-27 20:40:43,211 - sales_rep_service - INFO - Successfully sent email to Alford, Dustin T
2025-03-27 20:40:43,220 - sales_rep_service - INFO - Generating sales rep report: C:\Users\rghosh\OneDrive - Veritiv Corp\AI Lab\Attic and Basement\Email_to_sales\Temp_Files\Filtered_Reports\Montibon, Donna_Report.xlsx
2025-03-27 20:40:43,494 - sales_rep_service - INFO - Successfully sent email to Montibon, Donna
2025-03-27 20:40:43,501 - sales_rep_service - INFO - Generating sales rep report: C:\Users\rghosh\OneDrive - Veritiv Corp\AI Lab\Attic and Basement\Email_to_sales\Temp_Files\Filtered_Reports\Reisinger, Jeremy_Report.xlsx
2025-03-27 20:40:43,795 - sales_rep_service - INFO - Successfully sent email to Reisinger, Jeremy
2025-03-27 20:40:43,801 - sales_rep_service - INFO - Generating sales rep report: C:\Users\rghosh\OneDrive - Veritiv Corp\AI Lab\Attic and Basement\Email_to_sales\Temp_Files\Filtered_Reports\Bell, Nicole_Report.xlsx
2025-03-27 20:40:44,039 - sales_rep_service - INFO - Successfully sent email to Bell, Nicole
2025-03-28 10:31:21,424 - sales_rep_service - INFO - Generating sales rep report: C:\Users\rghosh\OneDrive - Veritiv Corp\AI Lab\Attic and Basement\Email_to_sales\Temp_Files\Filtered_Reports\Ellis, Aimee_Report.xlsx
2025-03-28 10:31:21,789 - sales_rep_service - INFO - Successfully sent email to Ellis, Aimee
2025-03-28 10:31:21,797 - sales_rep_service - INFO - Generating sales rep report: C:\Users\rghosh\OneDrive - Veritiv Corp\AI Lab\Attic and Basement\Email_to_sales\Temp_Files\Filtered_Reports\Geiger, Kimiko_Report.xlsx
2025-03-28 10:31:22,147 - sales_rep_service - INFO - Successfully sent email to Geiger, Kimiko
2025-03-28 10:31:22,155 - sales_rep_service - INFO - Generating sales rep report: C:\Users\rghosh\OneDrive - Veritiv Corp\AI Lab\Attic and Basement\Email_to_sales\Temp_Files\Filtered_Reports\Alford, Dustin T_Report.xlsx
2025-03-28 10:31:22,381 - sales_rep_service - INFO - Successfully sent email to Alford, Dustin T
2025-03-28 10:31:22,388 - sales_rep_service - INFO - Generating sales rep report: C:\Users\rghosh\OneDrive - Veritiv Corp\AI Lab\Attic and Basement\Email_to_sales\Temp_Files\Filtered_Reports\Montibon, Donna_Report.xlsx
2025-03-28 10:31:22,710 - sales_rep_service - INFO - Successfully sent email to Montibon, Donna
2025-03-28 10:31:22,716 - sales_rep_service - INFO - Generating sales rep report: C:\Users\rghosh\OneDrive - Veritiv Corp\AI Lab\Attic and Basement\Email_to_sales\Temp_Files\Filtered_Reports\Reisinger, Jeremy_Report.xlsx
2025-03-28 10:31:22,915 - sales_rep_service - INFO - Successfully sent email to Reisinger, Jeremy
2025-03-28 10:31:22,924 - sales_rep_service - INFO - Generating sales rep report: C:\Users\rghosh\OneDrive - Veritiv Corp\AI Lab\Attic and Basement\Email_to_sales\Temp_Files\Filtered_Reports\Bell, Nicole_Report.xlsx
2025-03-28 10:31:23,162 - sales_rep_service - INFO - Successfully sent email to Bell, Nicole
2025-03-28 10:40:20,229 - sales_rep_service - INFO - Generating sales rep report: C:\Users\rghosh\OneDrive - Veritiv Corp\AI Lab\Attic and Basement\Email_to_sales\Temp_Files\Filtered_Reports\Ellis, Aimee_Report.xlsx
2025-03-28 10:40:20,761 - sales_rep_service - INFO - Successfully sent email to Ellis, Aimee
2025-03-28 10:40:20,769 - sales_rep_service - INFO - Generating sales rep report: C:\Users\rghosh\OneDrive - Veritiv Corp\AI Lab\Attic and Basement\Email_to_sales\Temp_Files\Filtered_Reports\Geiger, Kimiko_Report.xlsx
2025-03-28 10:40:21,275 - sales_rep_service - INFO - Successfully sent email to Geiger, Kimiko
2025-03-28 10:40:21,285 - sales_rep_service - INFO - Generating sales rep report: C:\Users\rghosh\OneDrive - Veritiv Corp\AI Lab\Attic and Basement\Email_to_sales\Temp_Files\Filtered_Reports\Alford, Dustin T_Report.xlsx
2025-03-28 10:40:21,659 - sales_rep_service - INFO - Successfully sent email to Alford, Dustin T
2025-03-28 10:40:21,669 - sales_rep_service - INFO - Generating sales rep report: C:\Users\rghosh\OneDrive - Veritiv Corp\AI Lab\Attic and Basement\Email_to_sales\Temp_Files\Filtered_Reports\Montibon, Donna_Report.xlsx
2025-03-28 10:40:22,099 - sales_rep_service - INFO - Successfully sent email to Montibon, Donna
2025-03-28 10:40:22,105 - sales_rep_service - INFO - Generating sales rep report: C:\Users\rghosh\OneDrive - Veritiv Corp\AI Lab\Attic and Basement\Email_to_sales\Temp_Files\Filtered_Reports\Reisinger, Jeremy_Report.xlsx
2025-03-28 10:40:22,634 - sales_rep_service - INFO - Successfully sent email to Reisinger, Jeremy
2025-03-28 10:40:22,644 - sales_rep_service - INFO - Generating sales rep report: C:\Users\rghosh\OneDrive - Veritiv Corp\AI Lab\Attic and Basement\Email_to_sales\Temp_Files\Filtered_Reports\Bell, Nicole_Report.xlsx
2025-03-28 10:40:23,039 - sales_rep_service - INFO - Successfully sent email to Bell, Nicole
2025-03-28 10:43:40,195 - sales_rep_service - INFO - Generating sales rep report: C:\Users\rghosh\OneDrive - Veritiv Corp\AI Lab\Attic and Basement\Email_to_sales\Temp_Files\Filtered_Reports\Ellis, Aimee_Report.xlsx
2025-03-28 10:43:40,464 - sales_rep_service - INFO - Successfully sent email to Ellis, Aimee
2025-03-28 10:43:40,477 - sales_rep_service - INFO - Generating sales rep report: C:\Users\rghosh\OneDrive - Veritiv Corp\AI Lab\Attic and Basement\Email_to_sales\Temp_Files\Filtered_Reports\Geiger, Kimiko_Report.xlsx
2025-03-28 10:43:40,751 - sales_rep_service - INFO - Successfully sent email to Geiger, Kimiko
2025-03-28 10:43:40,757 - sales_rep_service - INFO - Generating sales rep report: C:\Users\rghosh\OneDrive - Veritiv Corp\AI Lab\Attic and Basement\Email_to_sales\Temp_Files\Filtered_Reports\Alford, Dustin T_Report.xlsx
2025-03-28 10:43:41,066 - sales_rep_service - INFO - Successfully sent email to Alford, Dustin T
2025-03-28 10:43:41,072 - sales_rep_service - INFO - Generating sales rep report: C:\Users\rghosh\OneDrive - Veritiv Corp\AI Lab\Attic and Basement\Email_to_sales\Temp_Files\Filtered_Reports\Montibon, Donna_Report.xlsx
2025-03-28 10:43:41,276 - sales_rep_service - INFO - Successfully sent email to Montibon, Donna
2025-03-28 10:43:41,286 - sales_rep_service - INFO - Generating sales rep report: C:\Users\rghosh\OneDrive - Veritiv Corp\AI Lab\Attic and Basement\Email_to_sales\Temp_Files\Filtered_Reports\Reisinger, Jeremy_Report.xlsx
2025-03-28 10:43:41,481 - sales_rep_service - INFO - Successfully sent email to Reisinger, Jeremy
2025-03-28 10:43:41,493 - sales_rep_service - INFO - Generating sales rep report: C:\Users\rghosh\OneDrive - Veritiv Corp\AI Lab\Attic and Basement\Email_to_sales\Temp_Files\Filtered_Reports\Bell, Nicole_Report.xlsx
2025-03-28 10:43:41,781 - sales_rep_service - INFO - Successfully sent email to Bell, Nicole
2025-03-28 14:37:52,781 - sales_rep_service - INFO - Generating sales rep report: C:\Users\rghosh\OneDrive - Veritiv Corp\AI Lab\Attic and Basement\Email_to_sales\Temp_Files\Filtered_Reports\Ellis, Aimee_Report.xlsx
2025-03-28 14:37:53,212 - sales_rep_service - INFO - Successfully sent email to Ellis, Aimee
2025-03-28 14:37:53,224 - sales_rep_service - INFO - Generating sales rep report: C:\Users\rghosh\OneDrive - Veritiv Corp\AI Lab\Attic and Basement\Email_to_sales\Temp_Files\Filtered_Reports\Geiger, Kimiko_Report.xlsx
2025-03-28 14:37:53,572 - sales_rep_service - INFO - Successfully sent email to Geiger, Kimiko
2025-03-28 14:37:53,582 - sales_rep_service - INFO - Generating sales rep report: C:\Users\rghosh\OneDrive - Veritiv Corp\AI Lab\Attic and Basement\Email_to_sales\Temp_Files\Filtered_Reports\Alford, Dustin T_Report.xlsx
2025-03-28 14:37:53,865 - sales_rep_service - INFO - Successfully sent email to Alford, Dustin T
2025-03-28 14:37:53,876 - sales_rep_service - INFO - Generating sales rep report: C:\Users\rghosh\OneDrive - Veritiv Corp\AI Lab\Attic and Basement\Email_to_sales\Temp_Files\Filtered_Reports\Montibon, Donna_Report.xlsx
2025-03-28 14:37:54,192 - sales_rep_service - INFO - Successfully sent email to Montibon, Donna
2025-03-28 14:37:54,200 - sales_rep_service - INFO - Generating sales rep report: C:\Users\rghosh\OneDrive - Veritiv Corp\AI Lab\Attic and Basement\Email_to_sales\Temp_Files\Filtered_Reports\Reisinger, Jeremy_Report.xlsx
2025-03-28 14:37:54,426 - sales_rep_service - INFO - Successfully sent email to Reisinger, Jeremy
2025-03-28 14:37:54,434 - sales_rep_service - INFO - Generating sales rep report: C:\Users\rghosh\OneDrive - Veritiv Corp\AI Lab\Attic and Basement\Email_to_sales\Temp_Files\Filtered_Reports\Bell, Nicole_Report.xlsx
2025-03-28 14:37:54,747 - sales_rep_service - INFO - Successfully sent email to Bell, Nicole
2025-04-03 16:23:00,195 - sales_rep_service - ERROR - Failed to process sales rep Shaw, Dean W: No data found for sales rep: Shaw, Dean W
2025-04-03 16:26:23,971 - sales_rep_service - ERROR - Failed to process sales rep Shaw, Dean W: No data found for sales rep: Shaw, Dean W
2025-04-03 18:09:46,828 - sales_rep_service - ERROR - Failed to process sales rep Shaw, Dean W: No data found for sales rep: Shaw, Dean W
2025-04-03 18:14:59,652 - sales_rep_service - ERROR - Failed to process sales rep Shaw, Dean W: No data found for sales rep: Shaw, Dean W
2025-04-03 18:17:38,037 - sales_rep_service - INFO - Generating sales rep report: C:\Users\rghosh\OneDrive - Veritiv Corp\AI Lab\Attic and Basement\Email_to_sales\Temp_Files\Filtered_Reports\Shaw, Dean W_Report.xlsx
2025-04-03 18:17:42,317 - sales_rep_service - INFO - Successfully sent email to Shaw, Dean W
2025-04-03 18:17:42,329 - sales_rep_service - INFO - Generating sales rep report: C:\Users\rghosh\OneDrive - Veritiv Corp\AI Lab\Attic and Basement\Email_to_sales\Temp_Files\Filtered_Reports\Gebhart, Michael_Report.xlsx
2025-04-03 18:17:42,583 - sales_rep_service - INFO - Successfully sent email to Gebhart, Michael
2025-04-03 18:17:42,590 - sales_rep_service - INFO - Generating sales rep report: C:\Users\rghosh\OneDrive - Veritiv Corp\AI Lab\Attic and Basement\Email_to_sales\Temp_Files\Filtered_Reports\Higgins, Gerard_Report.xlsx
2025-04-03 18:17:42,861 - sales_rep_service - INFO - Successfully sent email to Higgins, Gerard
2025-04-03 18:17:42,877 - sales_rep_service - INFO - Generating sales rep report: C:\Users\rghosh\OneDrive - Veritiv Corp\AI Lab\Attic and Basement\Email_to_sales\Temp_Files\Filtered_Reports\Stephens, Robert Michael_Report.xlsx
2025-04-03 18:17:43,174 - sales_rep_service - INFO - Successfully sent email to Stephens, Robert Michael
2025-04-03 18:17:43,193 - sales_rep_service - ERROR - Failed to process sales rep Roberts, Jason: No data found for sales rep: Roberts, Jason
2025-04-03 18:24:52,624 - sales_rep_service - INFO - Generating sales rep report: C:\Users\rghosh\OneDrive - Veritiv Corp\AI Lab\Attic and Basement\Email_to_sales\Temp_Files\Filtered_Reports\Shaw, Dean W_Report.xlsx
2025-04-03 18:24:52,933 - sales_rep_service - INFO - Successfully sent email to Shaw, Dean W
2025-04-03 18:24:52,946 - sales_rep_service - INFO - Generating sales rep report: C:\Users\rghosh\OneDrive - Veritiv Corp\AI Lab\Attic and Basement\Email_to_sales\Temp_Files\Filtered_Reports\Gebhart, Michael_Report.xlsx
2025-04-03 18:24:53,263 - sales_rep_service - INFO - Successfully sent email to Gebhart, Michael
2025-04-03 18:24:53,270 - sales_rep_service - INFO - Generating sales rep report: C:\Users\rghosh\OneDrive - Veritiv Corp\AI Lab\Attic and Basement\Email_to_sales\Temp_Files\Filtered_Reports\Higgins, Gerard_Report.xlsx
2025-04-03 18:24:53,531 - sales_rep_service - INFO - Successfully sent email to Higgins, Gerard
2025-04-03 18:24:53,542 - sales_rep_service - INFO - Generating sales rep report: C:\Users\rghosh\OneDrive - Veritiv Corp\AI Lab\Attic and Basement\Email_to_sales\Temp_Files\Filtered_Reports\Stephens, Robert Michael_Report.xlsx
2025-04-03 18:24:53,800 - sales_rep_service - INFO - Successfully sent email to Stephens, Robert Michael
2025-04-03 18:24:53,811 - sales_rep_service - INFO - Generating sales rep report: C:\Users\rghosh\OneDrive - Veritiv Corp\AI Lab\Attic and Basement\Email_to_sales\Temp_Files\Filtered_Reports\Gurley, Slade_Report.xlsx
2025-04-03 18:24:54,070 - sales_rep_service - INFO - Successfully sent email to Gurley, Slade
2025-04-03 18:24:54,079 - sales_rep_service - INFO - Generating sales rep report: C:\Users\rghosh\OneDrive - Veritiv Corp\AI Lab\Attic and Basement\Email_to_sales\Temp_Files\Filtered_Reports\Clarke, Colston Snead_Report.xlsx
2025-04-03 18:24:54,394 - sales_rep_service - INFO - Successfully sent email to Clarke, Colston Snead
2025-04-03 18:24:54,404 - sales_rep_service - INFO - Generating sales rep report: C:\Users\rghosh\OneDrive - Veritiv Corp\AI Lab\Attic and Basement\Email_to_sales\Temp_Files\Filtered_Reports\Corwin, Karen H_Report.xlsx
2025-04-03 18:24:54,713 - sales_rep_service - INFO - Successfully sent email to Corwin, Karen H
2025-04-03 18:24:54,721 - sales_rep_service - INFO - Generating sales rep report: C:\Users\rghosh\OneDrive - Veritiv Corp\AI Lab\Attic and Basement\Email_to_sales\Temp_Files\Filtered_Reports\Strickland, Jeanine A_Report.xlsx
2025-04-03 18:24:54,989 - sales_rep_service - INFO - Successfully sent email to Strickland, Jeanine A
2025-04-03 18:24:55,000 - sales_rep_service - INFO - Generating sales rep report: C:\Users\rghosh\OneDrive - Veritiv Corp\AI Lab\Attic and Basement\Email_to_sales\Temp_Files\Filtered_Reports\Swogger, Marcie_Report.xlsx
2025-04-03 18:24:55,294 - sales_rep_service - INFO - Successfully sent email to Swogger, Marcie
2025-04-03 18:24:55,299 - sales_rep_service - INFO - Generating sales rep report: C:\Users\rghosh\OneDrive - Veritiv Corp\AI Lab\Attic and Basement\Email_to_sales\Temp_Files\Filtered_Reports\Wilkinson, Shawn_Report.xlsx
2025-04-03 18:24:55,567 - sales_rep_service - INFO - Successfully sent email to Wilkinson, Shawn
2025-04-03 18:24:55,580 - sales_rep_service - INFO - Generating sales rep report: C:\Users\rghosh\OneDrive - Veritiv Corp\AI Lab\Attic and Basement\Email_to_sales\Temp_Files\Filtered_Reports\Winters, Alzedrick_Report.xlsx
2025-04-03 18:24:55,821 - sales_rep_service - INFO - Successfully sent email to Winters, Alzedrick
2025-04-03 18:24:55,835 - sales_rep_service - INFO - Generating sales rep report: C:\Users\rghosh\OneDrive - Veritiv Corp\AI Lab\Attic and Basement\Email_to_sales\Temp_Files\Filtered_Reports\Faris, Ross_Report.xlsx
2025-04-03 18:24:56,067 - sales_rep_service - INFO - Successfully sent email to Faris, Ross
2025-04-18 18:40:17,040 - sales_rep_service - INFO - Generating sales rep report: C:\Users\rghosh\OneDrive - Veritiv Corp\AI Lab\Attic and Basement\Email_to_sales\Temp_Files\Filtered_Reports\Shaw, Dean W_Report.xlsx
2025-04-18 18:40:18,583 - sales_rep_service - INFO - Successfully sent email to Shaw, Dean W
2025-04-18 18:40:18,596 - sales_rep_service - INFO - Generating sales rep report: C:\Users\rghosh\OneDrive - Veritiv Corp\AI Lab\Attic and Basement\Email_to_sales\Temp_Files\Filtered_Reports\Gebhart, Michael_Report.xlsx
2025-04-18 18:40:18,944 - sales_rep_service - INFO - Successfully sent email to Gebhart, Michael
2025-04-18 18:40:18,957 - sales_rep_service - INFO - Generating sales rep report: C:\Users\rghosh\OneDrive - Veritiv Corp\AI Lab\Attic and Basement\Email_to_sales\Temp_Files\Filtered_Reports\Higgins, Gerard_Report.xlsx
2025-04-18 18:40:19,269 - sales_rep_service - INFO - Successfully sent email to Higgins, Gerard
2025-04-18 18:40:19,283 - sales_rep_service - INFO - Generating sales rep report: C:\Users\rghosh\OneDrive - Veritiv Corp\AI Lab\Attic and Basement\Email_to_sales\Temp_Files\Filtered_Reports\Stephens, Robert Michael_Report.xlsx
2025-04-18 18:40:19,613 - sales_rep_service - INFO - Successfully sent email to Stephens, Robert Michael
2025-04-18 18:40:19,626 - sales_rep_service - INFO - Generating sales rep report: C:\Users\rghosh\OneDrive - Veritiv Corp\AI Lab\Attic and Basement\Email_to_sales\Temp_Files\Filtered_Reports\Gurley, Slade_Report.xlsx
2025-04-18 18:40:19,894 - sales_rep_service - INFO - Successfully sent email to Gurley, Slade
2025-04-18 18:40:19,900 - sales_rep_service - INFO - Generating sales rep report: C:\Users\rghosh\OneDrive - Veritiv Corp\AI Lab\Attic and Basement\Email_to_sales\Temp_Files\Filtered_Reports\Clarke, Colston Snead_Report.xlsx
2025-04-18 18:40:20,152 - sales_rep_service - INFO - Successfully sent email to Clarke, Colston Snead
2025-04-18 18:40:20,158 - sales_rep_service - INFO - Generating sales rep report: C:\Users\rghosh\OneDrive - Veritiv Corp\AI Lab\Attic and Basement\Email_to_sales\Temp_Files\Filtered_Reports\Corwin, Karen H_Report.xlsx
2025-04-18 18:40:20,560 - sales_rep_service - INFO - Successfully sent email to Corwin, Karen H
2025-04-18 18:40:20,573 - sales_rep_service - INFO - Generating sales rep report: C:\Users\rghosh\OneDrive - Veritiv Corp\AI Lab\Attic and Basement\Email_to_sales\Temp_Files\Filtered_Reports\Strickland, Jeanine A_Report.xlsx
2025-04-18 18:40:20,836 - sales_rep_service - INFO - Successfully sent email to Strickland, Jeanine A
2025-04-18 18:40:20,851 - sales_rep_service - INFO - Generating sales rep report: C:\Users\rghosh\OneDrive - Veritiv Corp\AI Lab\Attic and Basement\Email_to_sales\Temp_Files\Filtered_Reports\Swogger, Marcie_Report.xlsx
2025-04-18 18:40:21,101 - sales_rep_service - INFO - Successfully sent email to Swogger, Marcie
2025-04-18 18:40:21,112 - sales_rep_service - INFO - Generating sales rep report: C:\Users\rghosh\OneDrive - Veritiv Corp\AI Lab\Attic and Basement\Email_to_sales\Temp_Files\Filtered_Reports\Wilkinson, Shawn_Report.xlsx
2025-04-18 18:40:21,477 - sales_rep_service - INFO - Successfully sent email to Wilkinson, Shawn
2025-04-18 18:40:21,490 - sales_rep_service - INFO - Generating sales rep report: C:\Users\rghosh\OneDrive - Veritiv Corp\AI Lab\Attic and Basement\Email_to_sales\Temp_Files\Filtered_Reports\Winters, Alzedrick_Report.xlsx
2025-04-18 18:40:21,778 - sales_rep_service - INFO - Successfully sent email to Winters, Alzedrick
2025-04-18 18:40:21,783 - sales_rep_service - INFO - Generating sales rep report: C:\Users\rghosh\OneDrive - Veritiv Corp\AI Lab\Attic and Basement\Email_to_sales\Temp_Files\Filtered_Reports\Faris, Ross_Report.xlsx
2025-04-18 18:40:22,015 - sales_rep_service - INFO - Successfully sent email to Faris, Ross
2025-04-25 09:17:25,736 - sales_rep_service - INFO - Generating sales rep report: C:\Users\rghosh\OneDrive - Veritiv Corp\AI Lab\Attic and Basement\Email_to_sales\Temp_Files\Filtered_Reports\Shaw, Dean W_Report.xlsx
2025-04-25 09:17:26,234 - sales_rep_service - INFO - Successfully sent email to Shaw, Dean W
2025-04-25 09:17:26,243 - sales_rep_service - INFO - Generating sales rep report: C:\Users\rghosh\OneDrive - Veritiv Corp\AI Lab\Attic and Basement\Email_to_sales\Temp_Files\Filtered_Reports\Gebhart, Michael_Report.xlsx
2025-04-25 09:17:26,497 - sales_rep_service - INFO - Successfully sent email to Gebhart, Michael
2025-04-25 09:17:26,506 - sales_rep_service - INFO - Generating sales rep report: C:\Users\rghosh\OneDrive - Veritiv Corp\AI Lab\Attic and Basement\Email_to_sales\Temp_Files\Filtered_Reports\Higgins, Gerard_Report.xlsx
2025-04-25 09:17:26,881 - sales_rep_service - INFO - Successfully sent email to Higgins, Gerard
2025-04-25 09:17:26,890 - sales_rep_service - INFO - Generating sales rep report: C:\Users\rghosh\OneDrive - Veritiv Corp\AI Lab\Attic and Basement\Email_to_sales\Temp_Files\Filtered_Reports\Stephens, Robert Michael_Report.xlsx
2025-04-25 09:17:27,184 - sales_rep_service - INFO - Successfully sent email to Stephens, Robert Michael
2025-04-25 09:17:27,196 - sales_rep_service - INFO - Generating sales rep report: C:\Users\rghosh\OneDrive - Veritiv Corp\AI Lab\Attic and Basement\Email_to_sales\Temp_Files\Filtered_Reports\Gurley, Slade_Report.xlsx
2025-04-25 09:17:27,603 - sales_rep_service - INFO - Successfully sent email to Gurley, Slade
2025-04-25 09:17:27,611 - sales_rep_service - INFO - Generating sales rep report: C:\Users\rghosh\OneDrive - Veritiv Corp\AI Lab\Attic and Basement\Email_to_sales\Temp_Files\Filtered_Reports\Clarke, Colston Snead_Report.xlsx
2025-04-25 09:17:28,051 - sales_rep_service - INFO - Successfully sent email to Clarke, Colston Snead
2025-04-25 09:17:28,059 - sales_rep_service - INFO - Generating sales rep report: C:\Users\rghosh\OneDrive - Veritiv Corp\AI Lab\Attic and Basement\Email_to_sales\Temp_Files\Filtered_Reports\Corwin, Karen H_Report.xlsx
2025-04-25 09:17:28,329 - sales_rep_service - INFO - Successfully sent email to Corwin, Karen H
2025-04-25 09:17:28,335 - sales_rep_service - INFO - Generating sales rep report: C:\Users\rghosh\OneDrive - Veritiv Corp\AI Lab\Attic and Basement\Email_to_sales\Temp_Files\Filtered_Reports\Strickland, Jeanine A_Report.xlsx
2025-04-25 09:17:28,578 - sales_rep_service - INFO - Successfully sent email to Strickland, Jeanine A
2025-04-25 09:17:28,585 - sales_rep_service - INFO - Generating sales rep report: C:\Users\rghosh\OneDrive - Veritiv Corp\AI Lab\Attic and Basement\Email_to_sales\Temp_Files\Filtered_Reports\Swogger, Marcie_Report.xlsx
2025-04-25 09:17:28,935 - sales_rep_service - INFO - Successfully sent email to Swogger, Marcie
2025-04-25 09:17:28,951 - sales_rep_service - INFO - Generating sales rep report: C:\Users\rghosh\OneDrive - Veritiv Corp\AI Lab\Attic and Basement\Email_to_sales\Temp_Files\Filtered_Reports\Wilkinson, Shawn_Report.xlsx
2025-04-25 09:17:29,227 - sales_rep_service - INFO - Successfully sent email to Wilkinson, Shawn
2025-04-25 09:17:29,248 - sales_rep_service - INFO - Generating sales rep report: C:\Users\rghosh\OneDrive - Veritiv Corp\AI Lab\Attic and Basement\Email_to_sales\Temp_Files\Filtered_Reports\Winters, Alzedrick_Report.xlsx
2025-04-25 09:17:29,518 - sales_rep_service - INFO - Successfully sent email to Winters, Alzedrick
2025-04-25 09:17:29,528 - sales_rep_service - INFO - Generating sales rep report: C:\Users\rghosh\OneDrive - Veritiv Corp\AI Lab\Attic and Basement\Email_to_sales\Temp_Files\Filtered_Reports\Faris, Ross_Report.xlsx
2025-04-25 09:17:29,890 - sales_rep_service - INFO - Successfully sent email to Faris, Ross
2025-04-25 09:26:27,389 - sales_rep_service - INFO - Generating sales rep report: C:\Users\rghosh\OneDrive - Veritiv Corp\AI Lab\Attic and Basement\Email_to_sales\Temp_Files\Filtered_Reports\Shaw, Dean W_Report.xlsx
2025-04-25 09:26:27,470 - sales_rep_service - ERROR - Unexpected error processing sales rep Shaw, Dean W: '# Lines'
2025-04-25 09:56:38,449 - sales_rep_service - INFO - Generating sales rep report: C:\Users\rghosh\OneDrive - Veritiv Corp\AI Lab\Attic and Basement\Email_to_sales\Temp_Files\Filtered_Reports\Shaw, Dean W_Report.xlsx
2025-04-25 09:56:38,524 - sales_rep_service - ERROR - Unexpected error processing sales rep Shaw, Dean W: '# Lines'
2025-04-25 09:57:44,844 - sales_rep_service - INFO - Generating sales rep report: C:\Users\rghosh\OneDrive - Veritiv Corp\AI Lab\Attic and Basement\Email_to_sales\Temp_Files\Filtered_Reports\Shaw, Dean W_Report.xlsx
2025-04-25 09:57:45,228 - sales_rep_service - INFO - Successfully sent email to Shaw, Dean W
2025-04-25 09:57:45,241 - sales_rep_service - INFO - Generating sales rep report: C:\Users\rghosh\OneDrive - Veritiv Corp\AI Lab\Attic and Basement\Email_to_sales\Temp_Files\Filtered_Reports\Gebhart, Michael_Report.xlsx
2025-04-25 09:57:45,489 - sales_rep_service - INFO - Successfully sent email to Gebhart, Michael
2025-04-25 09:57:45,496 - sales_rep_service - INFO - Generating sales rep report: C:\Users\rghosh\OneDrive - Veritiv Corp\AI Lab\Attic and Basement\Email_to_sales\Temp_Files\Filtered_Reports\Higgins, Gerard_Report.xlsx
2025-04-25 09:57:45,838 - sales_rep_service - INFO - Successfully sent email to Higgins, Gerard
2025-04-25 09:57:45,845 - sales_rep_service - INFO - Generating sales rep report: C:\Users\rghosh\OneDrive - Veritiv Corp\AI Lab\Attic and Basement\Email_to_sales\Temp_Files\Filtered_Reports\Stephens, Robert Michael_Report.xlsx
2025-04-25 09:57:46,094 - sales_rep_service - INFO - Successfully sent email to Stephens, Robert Michael
2025-04-25 09:57:46,100 - sales_rep_service - INFO - Generating sales rep report: C:\Users\rghosh\OneDrive - Veritiv Corp\AI Lab\Attic and Basement\Email_to_sales\Temp_Files\Filtered_Reports\Gurley, Slade_Report.xlsx
2025-04-25 09:57:46,386 - sales_rep_service - INFO - Successfully sent email to Gurley, Slade
2025-04-25 09:57:46,397 - sales_rep_service - INFO - Generating sales rep report: C:\Users\rghosh\OneDrive - Veritiv Corp\AI Lab\Attic and Basement\Email_to_sales\Temp_Files\Filtered_Reports\Clarke, Colston Snead_Report.xlsx
2025-04-25 09:57:46,625 - sales_rep_service - INFO - Successfully sent email to Clarke, Colston Snead
2025-04-25 09:57:46,633 - sales_rep_service - INFO - Generating sales rep report: C:\Users\rghosh\OneDrive - Veritiv Corp\AI Lab\Attic and Basement\Email_to_sales\Temp_Files\Filtered_Reports\Corwin, Karen H_Report.xlsx
2025-04-25 09:57:46,977 - sales_rep_service - INFO - Successfully sent email to Corwin, Karen H
2025-04-25 09:57:46,983 - sales_rep_service - INFO - Generating sales rep report: C:\Users\rghosh\OneDrive - Veritiv Corp\AI Lab\Attic and Basement\Email_to_sales\Temp_Files\Filtered_Reports\Strickland, Jeanine A_Report.xlsx
2025-04-25 09:57:47,207 - sales_rep_service - INFO - Successfully sent email to Strickland, Jeanine A
2025-04-25 09:57:47,213 - sales_rep_service - INFO - Generating sales rep report: C:\Users\rghosh\OneDrive - Veritiv Corp\AI Lab\Attic and Basement\Email_to_sales\Temp_Files\Filtered_Reports\Swogger, Marcie_Report.xlsx
2025-04-25 09:57:47,452 - sales_rep_service - INFO - Successfully sent email to Swogger, Marcie
2025-04-25 09:57:47,459 - sales_rep_service - INFO - Generating sales rep report: C:\Users\rghosh\OneDrive - Veritiv Corp\AI Lab\Attic and Basement\Email_to_sales\Temp_Files\Filtered_Reports\Wilkinson, Shawn_Report.xlsx
2025-04-25 09:57:47,752 - sales_rep_service - INFO - Successfully sent email to Wilkinson, Shawn
2025-04-25 09:57:47,758 - sales_rep_service - INFO - Generating sales rep report: C:\Users\rghosh\OneDrive - Veritiv Corp\AI Lab\Attic and Basement\Email_to_sales\Temp_Files\Filtered_Reports\Winters, Alzedrick_Report.xlsx
2025-04-25 09:57:48,140 - sales_rep_service - INFO - Successfully sent email to Winters, Alzedrick
2025-04-25 09:57:48,147 - sales_rep_service - INFO - Generating sales rep report: C:\Users\rghosh\OneDrive - Veritiv Corp\AI Lab\Attic and Basement\Email_to_sales\Temp_Files\Filtered_Reports\Faris, Ross_Report.xlsx
2025-04-25 09:57:48,368 - sales_rep_service - INFO - Successfully sent email to Faris, Ross
2025-04-25 10:36:06,308 - sales_rep_service - INFO - Generating sales rep report: C:\Users\rghosh\OneDrive - Veritiv Corp\AI Lab\Attic and Basement\Email_to_sales\Temp_Files\Filtered_Reports\Shaw, Dean W_Report.xlsx
2025-04-25 10:36:07,082 - sales_rep_service - INFO - Successfully sent email to Shaw, Dean W
2025-04-25 10:36:07,089 - sales_rep_service - INFO - Generating sales rep report: C:\Users\rghosh\OneDrive - Veritiv Corp\AI Lab\Attic and Basement\Email_to_sales\Temp_Files\Filtered_Reports\Gebhart, Michael_Report.xlsx
2025-04-25 10:36:07,398 - sales_rep_service - INFO - Successfully sent email to Gebhart, Michael
2025-04-25 10:36:07,404 - sales_rep_service - INFO - Generating sales rep report: C:\Users\rghosh\OneDrive - Veritiv Corp\AI Lab\Attic and Basement\Email_to_sales\Temp_Files\Filtered_Reports\Higgins, Gerard_Report.xlsx
2025-04-25 10:36:07,706 - sales_rep_service - INFO - Successfully sent email to Higgins, Gerard
2025-04-25 10:36:07,713 - sales_rep_service - INFO - Generating sales rep report: C:\Users\rghosh\OneDrive - Veritiv Corp\AI Lab\Attic and Basement\Email_to_sales\Temp_Files\Filtered_Reports\Stephens, Robert Michael_Report.xlsx
2025-04-25 10:36:08,112 - sales_rep_service - INFO - Successfully sent email to Stephens, Robert Michael
2025-04-25 10:36:08,121 - sales_rep_service - INFO - Generating sales rep report: C:\Users\rghosh\OneDrive - Veritiv Corp\AI Lab\Attic and Basement\Email_to_sales\Temp_Files\Filtered_Reports\Gurley, Slade_Report.xlsx
2025-04-25 10:36:08,466 - sales_rep_service - INFO - Successfully sent email to Gurley, Slade
2025-04-25 10:36:08,472 - sales_rep_service - INFO - Generating sales rep report: C:\Users\rghosh\OneDrive - Veritiv Corp\AI Lab\Attic and Basement\Email_to_sales\Temp_Files\Filtered_Reports\Clarke, Colston Snead_Report.xlsx
2025-04-25 10:36:08,717 - sales_rep_service - INFO - Successfully sent email to Clarke, Colston Snead
2025-04-25 10:36:08,723 - sales_rep_service - INFO - Generating sales rep report: C:\Users\rghosh\OneDrive - Veritiv Corp\AI Lab\Attic and Basement\Email_to_sales\Temp_Files\Filtered_Reports\Corwin, Karen H_Report.xlsx
2025-04-25 10:36:09,038 - sales_rep_service - INFO - Successfully sent email to Corwin, Karen H
2025-04-25 10:36:09,044 - sales_rep_service - INFO - Generating sales rep report: C:\Users\rghosh\OneDrive - Veritiv Corp\AI Lab\Attic and Basement\Email_to_sales\Temp_Files\Filtered_Reports\Strickland, Jeanine A_Report.xlsx
2025-04-25 10:36:09,298 - sales_rep_service - INFO - Successfully sent email to Strickland, Jeanine A
2025-04-25 10:36:09,306 - sales_rep_service - INFO - Generating sales rep report: C:\Users\rghosh\OneDrive - Veritiv Corp\AI Lab\Attic and Basement\Email_to_sales\Temp_Files\Filtered_Reports\Swogger, Marcie_Report.xlsx
2025-04-25 10:36:09,527 - sales_rep_service - INFO - Successfully sent email to Swogger, Marcie
2025-04-25 10:36:09,533 - sales_rep_service - INFO - Generating sales rep report: C:\Users\rghosh\OneDrive - Veritiv Corp\AI Lab\Attic and Basement\Email_to_sales\Temp_Files\Filtered_Reports\Wilkinson, Shawn_Report.xlsx
2025-04-25 10:36:09,873 - sales_rep_service - INFO - Successfully sent email to Wilkinson, Shawn
2025-04-25 10:36:09,880 - sales_rep_service - INFO - Generating sales rep report: C:\Users\rghosh\OneDrive - Veritiv Corp\AI Lab\Attic and Basement\Email_to_sales\Temp_Files\Filtered_Reports\Winters, Alzedrick_Report.xlsx
2025-04-25 10:36:10,100 - sales_rep_service - INFO - Successfully sent email to Winters, Alzedrick
2025-04-25 10:36:10,105 - sales_rep_service - INFO - Generating sales rep report: C:\Users\rghosh\OneDrive - Veritiv Corp\AI Lab\Attic and Basement\Email_to_sales\Temp_Files\Filtered_Reports\Faris, Ross_Report.xlsx
2025-04-25 10:36:10,301 - sales_rep_service - INFO - Successfully sent email to Faris, Ross
2025-04-25 12:10:10,519 - sales_rep_service - INFO - Generating sales rep report: C:\Users\rghosh\OneDrive - Veritiv Corp\AI Lab\Attic and Basement\Email_to_sales\Temp_Files\Filtered_Reports\Shaw, Dean W_Report.xlsx
2025-04-25 12:10:11,055 - sales_rep_service - INFO - Successfully sent email to Shaw, Dean W
2025-04-25 12:10:11,064 - sales_rep_service - INFO - Generating sales rep report: C:\Users\rghosh\OneDrive - Veritiv Corp\AI Lab\Attic and Basement\Email_to_sales\Temp_Files\Filtered_Reports\Gebhart, Michael_Report.xlsx
2025-04-25 12:10:11,333 - sales_rep_service - INFO - Successfully sent email to Gebhart, Michael
2025-04-25 12:10:11,343 - sales_rep_service - INFO - Generating sales rep report: C:\Users\rghosh\OneDrive - Veritiv Corp\AI Lab\Attic and Basement\Email_to_sales\Temp_Files\Filtered_Reports\Higgins, Gerard_Report.xlsx
2025-04-25 12:10:11,616 - sales_rep_service - INFO - Successfully sent email to Higgins, Gerard
2025-04-25 12:10:11,623 - sales_rep_service - INFO - Generating sales rep report: C:\Users\rghosh\OneDrive - Veritiv Corp\AI Lab\Attic and Basement\Email_to_sales\Temp_Files\Filtered_Reports\Stephens, Robert Michael_Report.xlsx
2025-04-25 12:10:12,062 - sales_rep_service - INFO - Successfully sent email to Stephens, Robert Michael
2025-04-25 12:10:12,072 - sales_rep_service - INFO - Generating sales rep report: C:\Users\rghosh\OneDrive - Veritiv Corp\AI Lab\Attic and Basement\Email_to_sales\Temp_Files\Filtered_Reports\Gurley, Slade_Report.xlsx
2025-04-25 12:10:12,318 - sales_rep_service - INFO - Successfully sent email to Gurley, Slade
2025-04-25 12:10:12,327 - sales_rep_service - INFO - Generating sales rep report: C:\Users\rghosh\OneDrive - Veritiv Corp\AI Lab\Attic and Basement\Email_to_sales\Temp_Files\Filtered_Reports\Clarke, Colston Snead_Report.xlsx
2025-04-25 12:10:12,551 - sales_rep_service - INFO - Successfully sent email to Clarke, Colston Snead
2025-04-25 12:10:12,558 - sales_rep_service - INFO - Generating sales rep report: C:\Users\rghosh\OneDrive - Veritiv Corp\AI Lab\Attic and Basement\Email_to_sales\Temp_Files\Filtered_Reports\Corwin, Karen H_Report.xlsx
2025-04-25 12:10:12,845 - sales_rep_service - INFO - Successfully sent email to Corwin, Karen H
2025-04-25 12:10:12,855 - sales_rep_service - INFO - Generating sales rep report: C:\Users\rghosh\OneDrive - Veritiv Corp\AI Lab\Attic and Basement\Email_to_sales\Temp_Files\Filtered_Reports\Strickland, Jeanine A_Report.xlsx
2025-04-25 12:10:13,187 - sales_rep_service - INFO - Successfully sent email to Strickland, Jeanine A
2025-04-25 12:10:13,194 - sales_rep_service - INFO - Generating sales rep report: C:\Users\rghosh\OneDrive - Veritiv Corp\AI Lab\Attic and Basement\Email_to_sales\Temp_Files\Filtered_Reports\Swogger, Marcie_Report.xlsx
2025-04-25 12:10:13,419 - sales_rep_service - INFO - Successfully sent email to Swogger, Marcie
2025-04-25 12:10:13,425 - sales_rep_service - INFO - Generating sales rep report: C:\Users\rghosh\OneDrive - Veritiv Corp\AI Lab\Attic and Basement\Email_to_sales\Temp_Files\Filtered_Reports\Wilkinson, Shawn_Report.xlsx
2025-04-25 12:10:13,670 - sales_rep_service - INFO - Successfully sent email to Wilkinson, Shawn
2025-04-25 12:10:13,682 - sales_rep_service - INFO - Generating sales rep report: C:\Users\rghosh\OneDrive - Veritiv Corp\AI Lab\Attic and Basement\Email_to_sales\Temp_Files\Filtered_Reports\Winters, Alzedrick_Report.xlsx
2025-04-25 12:10:13,910 - sales_rep_service - INFO - Successfully sent email to Winters, Alzedrick
2025-04-25 12:10:13,918 - sales_rep_service - INFO - Generating sales rep report: C:\Users\rghosh\OneDrive - Veritiv Corp\AI Lab\Attic and Basement\Email_to_sales\Temp_Files\Filtered_Reports\Faris, Ross_Report.xlsx
2025-04-25 12:10:14,166 - sales_rep_service - INFO - Successfully sent email to Faris, Ross
2025-04-28 08:32:48,176 - sales_rep_service - INFO - Generating sales rep report: C:\Users\rghosh\OneDrive - Veritiv Corp\AI Lab\Attic and Basement\Email_to_sales\Temp_Files\Filtered_Reports\Shaw, Dean W_Report.xlsx
2025-04-28 08:32:48,635 - sales_rep_service - INFO - Successfully sent email to Shaw, Dean W
2025-04-28 08:32:48,644 - sales_rep_service - INFO - Generating sales rep report: C:\Users\rghosh\OneDrive - Veritiv Corp\AI Lab\Attic and Basement\Email_to_sales\Temp_Files\Filtered_Reports\Gebhart, Michael_Report.xlsx
2025-04-28 08:32:48,992 - sales_rep_service - INFO - Successfully sent email to Gebhart, Michael
2025-04-28 08:32:48,999 - sales_rep_service - INFO - Generating sales rep report: C:\Users\rghosh\OneDrive - Veritiv Corp\AI Lab\Attic and Basement\Email_to_sales\Temp_Files\Filtered_Reports\Higgins, Gerard_Report.xlsx
2025-04-28 08:32:49,286 - sales_rep_service - INFO - Successfully sent email to Higgins, Gerard
2025-04-28 08:32:49,298 - sales_rep_service - INFO - Generating sales rep report: C:\Users\rghosh\OneDrive - Veritiv Corp\AI Lab\Attic and Basement\Email_to_sales\Temp_Files\Filtered_Reports\Stephens, Robert Michael_Report.xlsx
2025-04-28 08:32:49,556 - sales_rep_service - INFO - Successfully sent email to Stephens, Robert Michael
2025-04-28 08:32:49,566 - sales_rep_service - INFO - Generating sales rep report: C:\Users\rghosh\OneDrive - Veritiv Corp\AI Lab\Attic and Basement\Email_to_sales\Temp_Files\Filtered_Reports\Gurley, Slade_Report.xlsx
2025-04-28 08:32:49,927 - sales_rep_service - INFO - Successfully sent email to Gurley, Slade
2025-04-28 08:32:49,933 - sales_rep_service - INFO - Generating sales rep report: C:\Users\rghosh\OneDrive - Veritiv Corp\AI Lab\Attic and Basement\Email_to_sales\Temp_Files\Filtered_Reports\Clarke, Colston Snead_Report.xlsx
2025-04-28 08:32:50,155 - sales_rep_service - INFO - Successfully sent email to Clarke, Colston Snead
2025-04-28 08:32:50,162 - sales_rep_service - INFO - Generating sales rep report: C:\Users\rghosh\OneDrive - Veritiv Corp\AI Lab\Attic and Basement\Email_to_sales\Temp_Files\Filtered_Reports\Corwin, Karen H_Report.xlsx
2025-04-28 08:32:50,426 - sales_rep_service - INFO - Successfully sent email to Corwin, Karen H
2025-04-28 08:32:50,440 - sales_rep_service - INFO - Generating sales rep report: C:\Users\rghosh\OneDrive - Veritiv Corp\AI Lab\Attic and Basement\Email_to_sales\Temp_Files\Filtered_Reports\Strickland, Jeanine A_Report.xlsx
2025-04-28 08:32:50,675 - sales_rep_service - INFO - Successfully sent email to Strickland, Jeanine A
2025-04-28 08:32:50,690 - sales_rep_service - INFO - Generating sales rep report: C:\Users\rghosh\OneDrive - Veritiv Corp\AI Lab\Attic and Basement\Email_to_sales\Temp_Files\Filtered_Reports\Swogger, Marcie_Report.xlsx
2025-04-28 08:32:51,004 - sales_rep_service - INFO - Successfully sent email to Swogger, Marcie
2025-04-28 08:32:51,010 - sales_rep_service - INFO - Generating sales rep report: C:\Users\rghosh\OneDrive - Veritiv Corp\AI Lab\Attic and Basement\Email_to_sales\Temp_Files\Filtered_Reports\Wilkinson, Shawn_Report.xlsx
2025-04-28 08:32:51,257 - sales_rep_service - INFO - Successfully sent email to Wilkinson, Shawn
2025-04-28 08:32:51,273 - sales_rep_service - INFO - Generating sales rep report: C:\Users\rghosh\OneDrive - Veritiv Corp\AI Lab\Attic and Basement\Email_to_sales\Temp_Files\Filtered_Reports\Winters, Alzedrick_Report.xlsx
2025-04-28 08:32:51,538 - sales_rep_service - INFO - Successfully sent email to Winters, Alzedrick
2025-04-28 08:32:51,554 - sales_rep_service - INFO - Generating sales rep report: C:\Users\rghosh\OneDrive - Veritiv Corp\AI Lab\Attic and Basement\Email_to_sales\Temp_Files\Filtered_Reports\Faris, Ross_Report.xlsx
2025-04-28 08:32:51,858 - sales_rep_service - INFO - Successfully sent email to Faris, Ross
2025-04-28 08:37:53,087 - sales_rep_service - INFO - Generating sales rep report: C:\Users\rghosh\OneDrive - Veritiv Corp\AI Lab\Attic and Basement\Email_to_sales\Temp_Files\Filtered_Reports\Shaw, Dean W_Report.xlsx
2025-04-28 08:37:53,491 - sales_rep_service - INFO - Successfully sent email to Shaw, Dean W
2025-04-28 08:37:53,504 - sales_rep_service - INFO - Generating sales rep report: C:\Users\rghosh\OneDrive - Veritiv Corp\AI Lab\Attic and Basement\Email_to_sales\Temp_Files\Filtered_Reports\Gebhart, Michael_Report.xlsx
2025-04-28 08:37:53,756 - sales_rep_service - INFO - Successfully sent email to Gebhart, Michael
2025-04-28 08:37:53,763 - sales_rep_service - INFO - Generating sales rep report: C:\Users\rghosh\OneDrive - Veritiv Corp\AI Lab\Attic and Basement\Email_to_sales\Temp_Files\Filtered_Reports\Higgins, Gerard_Report.xlsx
2025-04-28 08:37:54,019 - sales_rep_service - INFO - Successfully sent email to Higgins, Gerard
2025-04-28 08:37:54,025 - sales_rep_service - INFO - Generating sales rep report: C:\Users\rghosh\OneDrive - Veritiv Corp\AI Lab\Attic and Basement\Email_to_sales\Temp_Files\Filtered_Reports\Stephens, Robert Michael_Report.xlsx
2025-04-28 08:37:54,350 - sales_rep_service - INFO - Successfully sent email to Stephens, Robert Michael
2025-04-28 08:37:54,358 - sales_rep_service - INFO - Generating sales rep report: C:\Users\rghosh\OneDrive - Veritiv Corp\AI Lab\Attic and Basement\Email_to_sales\Temp_Files\Filtered_Reports\Gurley, Slade_Report.xlsx
2025-04-28 08:37:54,621 - sales_rep_service - INFO - Successfully sent email to Gurley, Slade
2025-04-28 08:37:54,628 - sales_rep_service - INFO - Generating sales rep report: C:\Users\rghosh\OneDrive - Veritiv Corp\AI Lab\Attic and Basement\Email_to_sales\Temp_Files\Filtered_Reports\Clarke, Colston Snead_Report.xlsx
2025-04-28 08:37:54,977 - sales_rep_service - INFO - Successfully sent email to Clarke, Colston Snead
2025-04-28 08:37:54,983 - sales_rep_service - INFO - Generating sales rep report: C:\Users\rghosh\OneDrive - Veritiv Corp\AI Lab\Attic and Basement\Email_to_sales\Temp_Files\Filtered_Reports\Corwin, Karen H_Report.xlsx
2025-04-28 08:37:55,223 - sales_rep_service - INFO - Successfully sent email to Corwin, Karen H
2025-04-28 08:37:55,231 - sales_rep_service - INFO - Generating sales rep report: C:\Users\rghosh\OneDrive - Veritiv Corp\AI Lab\Attic and Basement\Email_to_sales\Temp_Files\Filtered_Reports\Strickland, Jeanine A_Report.xlsx
2025-04-28 08:37:55,498 - sales_rep_service - INFO - Successfully sent email to Strickland, Jeanine A
2025-04-28 08:37:55,504 - sales_rep_service - INFO - Generating sales rep report: C:\Users\rghosh\OneDrive - Veritiv Corp\AI Lab\Attic and Basement\Email_to_sales\Temp_Files\Filtered_Reports\Swogger, Marcie_Report.xlsx
2025-04-28 08:37:56,058 - sales_rep_service - INFO - Successfully sent email to Swogger, Marcie
2025-04-28 08:37:56,066 - sales_rep_service - INFO - Generating sales rep report: C:\Users\rghosh\OneDrive - Veritiv Corp\AI Lab\Attic and Basement\Email_to_sales\Temp_Files\Filtered_Reports\Wilkinson, Shawn_Report.xlsx
2025-04-28 08:37:56,582 - sales_rep_service - INFO - Successfully sent email to Wilkinson, Shawn
2025-04-28 08:37:56,588 - sales_rep_service - INFO - Generating sales rep report: C:\Users\rghosh\OneDrive - Veritiv Corp\AI Lab\Attic and Basement\Email_to_sales\Temp_Files\Filtered_Reports\Winters, Alzedrick_Report.xlsx
2025-04-28 08:37:57,067 - sales_rep_service - INFO - Successfully sent email to Winters, Alzedrick
2025-04-28 08:37:57,074 - sales_rep_service - INFO - Generating sales rep report: C:\Users\rghosh\OneDrive - Veritiv Corp\AI Lab\Attic and Basement\Email_to_sales\Temp_Files\Filtered_Reports\Faris, Ross_Report.xlsx
2025-04-28 08:37:57,490 - sales_rep_service - INFO - Successfully sent email to Faris, Ross
2025-04-28 10:05:57,113 - sales_rep_service - INFO - Generating sales rep report: C:\Users\rghosh\OneDrive - Veritiv Corp\AI Lab\Attic and Basement\Email_to_sales\Temp_Files\Filtered_Reports\Shaw, Dean W_Report.xlsx
2025-04-28 10:05:57,440 - sales_rep_service - INFO - Successfully sent email to Shaw, Dean W
2025-04-28 10:05:57,448 - sales_rep_service - INFO - Generating sales rep report: C:\Users\rghosh\OneDrive - Veritiv Corp\AI Lab\Attic and Basement\Email_to_sales\Temp_Files\Filtered_Reports\Gebhart, Michael_Report.xlsx
2025-04-28 10:05:57,682 - sales_rep_service - INFO - Successfully sent email to Gebhart, Michael
2025-04-28 10:17:25,037 - sales_rep_service - INFO - Generating sales rep report: C:\Users\rghosh\OneDrive - Veritiv Corp\AI Lab\Attic and Basement\Email_to_sales\Temp_Files\Filtered_Reports\Shaw, Dean W_Report.xlsx
2025-04-28 10:17:25,433 - sales_rep_service - INFO - Successfully sent email to Shaw, Dean W
2025-04-28 10:17:25,447 - sales_rep_service - INFO - Generating sales rep report: C:\Users\rghosh\OneDrive - Veritiv Corp\AI Lab\Attic and Basement\Email_to_sales\Temp_Files\Filtered_Reports\Gebhart, Michael_Report.xlsx
2025-04-28 10:17:25,681 - sales_rep_service - INFO - Successfully sent email to Gebhart, Michael
2025-04-28 10:18:19,411 - sales_rep_service - INFO - Generating sales rep report: C:\Users\rghosh\OneDrive - Veritiv Corp\AI Lab\Attic and Basement\Email_to_sales\Temp_Files\Filtered_Reports\Shaw, Dean W_Report.xlsx
2025-04-28 10:18:19,692 - sales_rep_service - INFO - Successfully sent email to Shaw, Dean W
2025-04-28 10:18:19,700 - sales_rep_service - INFO - Generating sales rep report: C:\Users\rghosh\OneDrive - Veritiv Corp\AI Lab\Attic and Basement\Email_to_sales\Temp_Files\Filtered_Reports\Gebhart, Michael_Report.xlsx
2025-04-28 10:18:19,949 - sales_rep_service - INFO - Successfully sent email to Gebhart, Michael
2025-04-28 10:43:22,545 - sales_rep_service - INFO - Generating sales rep report: C:\Users\rghosh\OneDrive - Veritiv Corp\AI Lab\Attic and Basement\Email_to_sales\Temp_Files\Filtered_Reports\Shaw, Dean W_Report.xlsx
2025-04-28 10:43:22,857 - sales_rep_service - INFO - Successfully sent email to Shaw, Dean W
2025-04-28 10:43:22,864 - sales_rep_service - INFO - Generating sales rep report: C:\Users\rghosh\OneDrive - Veritiv Corp\AI Lab\Attic and Basement\Email_to_sales\Temp_Files\Filtered_Reports\Gebhart, Michael_Report.xlsx
2025-04-28 10:43:23,103 - sales_rep_service - INFO - Successfully sent email to Gebhart, Michael
2025-05-22 12:48:51,606 - sales_rep_service - ERROR - Failed to process sales rep Green, Sheri: No data found for sales rep: Green, Sheri
2025-05-22 13:00:04,261 - sales_rep_service - ERROR - Failed to process sales rep Green, Sheri: No data found for sales rep: Green, Sheri
2025-05-22 13:00:04,275 - sales_rep_service - ERROR - Failed to process sales rep Tungate, William Baylor: No data found for sales rep: Tungate, William Baylor
2025-05-22 13:04:18,861 - sales_rep_service - ERROR - Failed to process sales rep Green, Sheri: No data found for sales rep: Green, Sheri
2025-05-22 13:04:18,872 - sales_rep_service - ERROR - Failed to process sales rep Tungate, William Baylor: No data found for sales rep: Tungate, William Baylor
2025-05-22 13:18:58,153 - sales_rep_service - ERROR - Failed to process sales rep Green, Sheri: No data found for sales rep: Green, Sheri
2025-05-22 13:18:58,164 - sales_rep_service - ERROR - Failed to process sales rep Tungate, William Baylor: No data found for sales rep: Tungate, William Baylor
